Expanded display is used automatically.
Null display is "¤".
Line style is unicode.
Unicode border line style is "single".
Unicode column line style is "single".
Unicode header line style is "double".
SET
== Rebuild spatial test table at 1,000,000 rows ==
DROP TABLE
CREATE TABLE
INSERT 0 1000000
CREATE INDEX
VACUUM
== Validate row count and index ==
 rows_in_points_1m 
═══════════════════
           1000000
(1 row)

 heap_size │ indexes_size │ total_size 
═══════════╪══════════════╪════════════
 65 MB     │ 61 MB        │ 126 MB
(1 row)

     indexname      │                                indexdef                                 
════════════════════╪═════════════════════════════════════════════════════════════════════════
 points_1m_geom_gix │ CREATE INDEX points_1m_geom_gix ON public.points_1m USING gist (geom)
 points_1m_pkey     │ CREATE UNIQUE INDEX points_1m_pkey ON public.points_1m USING btree (id)
(2 rows)

