Expanded display is used automatically.
Null display is "¤".
Line style is unicode.
Unicode border line style is "single".
Unicode column line style is "single".
Unicode header line style is "double".
SET
== Representative ST_DWithin plan (force seqscan off) ==
SET
SET
 enable_seqscan 
════════════════
 off
(1 row)

 effective_cache_size 
══════════════════════
 128MB
(1 row)

                                                               QUERY PLAN                                                               
════════════════════════════════════════════════════════════════════════════════════════════════════════════════════════════════════════
 Aggregate  (cost=11764.77..11764.78 rows=1 width=8) (actual rows=1 loops=1)
   Buffers: shared hit=94 read=578 written=275
   ->  Bitmap Heap Scan on points_1m  (cost=22.22..11762.27 rows=1000 width=0) (actual rows=505 loops=1)
         Filter: st_dwithin(geom, '0101000020110F000000000000000000000000000000000000'::geometry, '400'::double precision)
         Rows Removed by Filter: 147
         Heap Blocks: exact=648
         Buffers: shared hit=94 read=578 written=275
         ->  Bitmap Index Scan on points_1m_geom_gix  (cost=0.00..21.97 rows=724 width=0) (actual rows=652 loops=1)
               Index Cond: (geom && st_expand('0101000020110F000000000000000000000000000000000000'::geometry, '400'::double precision))
               Buffers: shared read=24
 Planning:
   Buffers: shared hit=178 read=20
 Planning Time: 14.509 ms
 Execution Time: 14.355 ms
(14 rows)

