Expanded display is used automatically.
Null display is "¤".
Line style is unicode.
Unicode border line style is "single".
Unicode column line style is "single".
Unicode header line style is "double".
SET
== ST_DWithin selectivity sweep at current random_page_cost ==
 random_page_cost 
══════════════════
 4
(1 row)

RESET
RESET
-- r=1262  (~0.05%)
                                                                     QUERY PLAN                                                                      
═════════════════════════════════════════════════════════════════════════════════════════════════════════════════════════════════════════════════════
 Finalize Aggregate  (cost=21191.36..21191.37 rows=1 width=8) (actual rows=1 loops=1)
   Buffers: shared hit=889 read=2163 written=634
   ->  Gather  (cost=21191.25..21191.36 rows=1 width=8) (actual rows=2 loops=1)
         Workers Planned: 1
         Workers Launched: 1
         Buffers: shared hit=889 read=2163 written=634
         ->  Partial Aggregate  (cost=20191.25..20191.26 rows=1 width=8) (actual rows=1 loops=2)
               Buffers: shared hit=889 read=2163 written=634
               ->  Parallel Bitmap Heap Scan on points_1m  (cost=54.84..20190.51 rows=294 width=0) (actual rows=1214 loops=2)
                     Filter: st_dwithin(geom, '0101000020110F000000000000000000000000000000000000'::geometry, '1262'::double precision)
                     Rows Removed by Filter: 342
                     Heap Blocks: exact=2529
                     Buffers: shared hit=889 read=2163 written=634
                     ->  Bitmap Index Scan on points_1m_geom_gix  (cost=0.00..54.71 rows=1890 width=0) (actual rows=3111 loops=1)
                           Index Cond: (geom && st_expand('0101000020110F000000000000000000000000000000000000'::geometry, '1262'::double precision))
                           Buffers: shared read=52
 Planning:
   Buffers: shared hit=179 read=19
 Planning Time: 37.976 ms
 Execution Time: 43.533 ms
(20 rows)

-- r=1784  (~0.1%)
                                                                     QUERY PLAN                                                                      
═════════════════════════════════════════════════════════════════════════════════════════════════════════════════════════════════════════════════════
 Finalize Aggregate  (cost=37840.13..37840.14 rows=1 width=8) (actual rows=1 loops=1)
   Buffers: shared hit=3702 read=2158 written=2060
   ->  Gather  (cost=37839.91..37840.12 rows=2 width=8) (actual rows=3 loops=1)
         Workers Planned: 2
         Workers Launched: 2
         Buffers: shared hit=3702 read=2158 written=2060
         ->  Partial Aggregate  (cost=36839.91..36839.92 rows=1 width=8) (actual rows=1 loops=3)
               Buffers: shared hit=3702 read=2158 written=2060
               ->  Parallel Bitmap Heap Scan on points_1m  (cost=126.69..36839.39 rows=208 width=0) (actual rows=1631 loops=3)
                     Filter: st_dwithin(geom, '0101000020110F000000000000000000000000000000000000'::geometry, '1784'::double precision)
                     Rows Removed by Filter: 446
                     Heap Blocks: exact=2584
                     Buffers: shared hit=3702 read=2158 written=2060
                     ->  Bitmap Index Scan on points_1m_geom_gix  (cost=0.00..126.57 rows=4537 width=0) (actual rows=6229 loops=1)
                           Index Cond: (geom && st_expand('0101000020110F000000000000000000000000000000000000'::geometry, '1784'::double precision))
                           Buffers: shared hit=52 read=22
 Planning Time: 0.147 ms
 Execution Time: 79.833 ms
(18 rows)

-- r=2523  (~0.2%)
                                                                     QUERY PLAN                                                                      
═════════════════════════════════════════════════════════════════════════════════════════════════════════════════════════════════════════════════════
 Finalize Aggregate  (cost=75495.12..75495.13 rows=1 width=8) (actual rows=1 loops=1)
   Buffers: shared hit=6441 read=4512 written=4048
   ->  Gather  (cost=75494.90..75495.11 rows=2 width=8) (actual rows=3 loops=1)
         Workers Planned: 2
         Workers Launched: 2
         Buffers: shared hit=6441 read=4512 written=4048
         ->  Partial Aggregate  (cost=74494.90..74494.91 rows=1 width=8) (actual rows=1 loops=3)
               Buffers: shared hit=6441 read=4512 written=4048
               ->  Parallel Bitmap Heap Scan on points_1m  (cost=274.31..74494.38 rows=208 width=0) (actual rows=3297 loops=3)
                     Filter: st_dwithin(geom, '0101000020110F000000000000000000000000000000000000'::geometry, '2523'::double precision)
                     Rows Removed by Filter: 878
                     Heap Blocks: exact=3796
                     Buffers: shared hit=6441 read=4512 written=4048
                     ->  Bitmap Index Scan on points_1m_geom_gix  (cost=0.00..274.18 rows=9819 width=0) (actual rows=12524 loops=1)
                           Index Cond: (geom && st_expand('0101000020110F000000000000000000000000000000000000'::geometry, '2523'::double precision))
                           Buffers: shared hit=74 read=40 written=40
 Planning Time: 0.151 ms
 Execution Time: 138.542 ms
(18 rows)

-- r=3989  (~0.5%)
                                                                     QUERY PLAN                                                                      
═════════════════════════════════════════════════════════════════════════════════════════════════════════════════════════════════════════════════════
 Finalize Aggregate  (cost=190267.70..190267.71 rows=1 width=8) (actual rows=1 loops=1)
   Buffers: shared hit=3183 read=19201 written=6010
   ->  Gather  (cost=190267.49..190267.70 rows=2 width=8) (actual rows=3 loops=1)
         Workers Planned: 2
         Workers Launched: 2
         Buffers: shared hit=3183 read=19201 written=6010
         ->  Partial Aggregate  (cost=189267.49..189267.50 rows=1 width=8) (actual rows=1 loops=3)
               Buffers: shared hit=3183 read=19201 written=6010
               ->  Parallel Bitmap Heap Scan on points_1m  (cost=795.01..189266.97 rows=208 width=0) (actual rows=8211 loops=3)
                     Filter: st_dwithin(geom, '0101000020110F000000000000000000000000000000000000'::geometry, '3989'::double precision)
                     Rows Removed by Filter: 2324
                     Heap Blocks: exact=9046
                     Buffers: shared hit=3183 read=19201 written=6010
                     ->  Bitmap Index Scan on points_1m_geom_gix  (cost=0.00..794.89 rows=28580 width=0) (actual rows=31603 loops=1)
                           Index Cond: (geom && st_expand('0101000020110F000000000000000000000000000000000000'::geometry, '3989'::double precision))
                           Buffers: shared hit=95 read=109 written=19
 Planning Time: 0.112 ms
 Execution Time: 216.487 ms
(18 rows)

-- r=5642  (~1%)
                                                                     QUERY PLAN                                                                      
═════════════════════════════════════════════════════════════════════════════════════════════════════════════════════════════════════════════════════
 Finalize Aggregate  (cost=359026.75..359026.76 rows=1 width=8) (actual rows=1 loops=1)
   Buffers: shared read=33100 written=1233
   ->  Gather  (cost=359026.53..359026.74 rows=2 width=8) (actual rows=3 loops=1)
         Workers Planned: 2
         Workers Launched: 2
         Buffers: shared read=33100 written=1233
         ->  Partial Aggregate  (cost=358026.53..358026.54 rows=1 width=8) (actual rows=1 loops=3)
               Buffers: shared read=33100 written=1233
               ->  Parallel Bitmap Heap Scan on points_1m  (cost=1666.42..358026.01 rows=208 width=0) (actual rows=16565 loops=3)
                     Filter: st_dwithin(geom, '0101000020110F000000000000000000000000000000000000'::geometry, '5642'::double precision)
                     Rows Removed by Filter: 4573
                     Heap Blocks: exact=12829
                     Buffers: shared read=33100 written=1233
                     ->  Bitmap Index Scan on points_1m_geom_gix  (cost=0.00..1666.29 rows=59967 width=0) (actual rows=63414 loops=1)
                           Index Cond: (geom && st_expand('0101000020110F000000000000000000000000000000000000'::geometry, '5642'::double precision))
                           Buffers: shared read=393
 Planning Time: 0.096 ms
 Execution Time: 113.666 ms
(18 rows)

-- r=7979  (~2%)
                                                                     QUERY PLAN                                                                      
═════════════════════════════════════════════════════════════════════════════════════════════════════════════════════════════════════════════════════
 Finalize Aggregate  (cost=696585.76..696585.77 rows=1 width=8) (actual rows=1 loops=1)
   Buffers: shared read=40512
   ->  Gather  (cost=696585.54..696585.75 rows=2 width=8) (actual rows=3 loops=1)
         Workers Planned: 2
         Workers Launched: 2
         Buffers: shared read=40512
         ->  Partial Aggregate  (cost=695585.54..695585.55 rows=1 width=8) (actual rows=1 loops=3)
               Buffers: shared read=40512
               ->  Parallel Bitmap Heap Scan on points_1m  (cost=3460.57..695585.02 rows=208 width=0) (actual rows=33310 loops=3)
                     Filter: st_dwithin(geom, '0101000020110F000000000000000000000000000000000000'::geometry, '7979'::double precision)
                     Rows Removed by Filter: 9022
                     Heap Blocks: exact=13782
                     Buffers: shared read=40512
                     ->  Bitmap Index Scan on points_1m_geom_gix  (cost=0.00..3460.45 rows=124788 width=0) (actual rows=126996 loops=1)
                           Index Cond: (geom && st_expand('0101000020110F000000000000000000000000000000000000'::geometry, '7979'::double precision))
                           Buffers: shared read=699
 Planning Time: 0.097 ms
 Execution Time: 88.317 ms
(18 rows)

-- r=12616 (~5%)
                                                                      QUERY PLAN                                                                      
══════════════════════════════════════════════════════════════════════════════════════════════════════════════════════════════════════════════════════
 Finalize Aggregate  (cost=1693575.30..1693575.31 rows=1 width=8) (actual rows=1 loops=1)
   Buffers: shared read=43396 written=2
   ->  Gather  (cost=1693575.08..1693575.29 rows=2 width=8) (actual rows=3 loops=1)
         Workers Planned: 2
         Workers Launched: 2
         Buffers: shared read=43396 written=2
         ->  Partial Aggregate  (cost=1692575.08..1692575.09 rows=1 width=8) (actual rows=1 loops=3)
               Buffers: shared read=43396 written=2
               ->  Parallel Bitmap Heap Scan on points_1m  (cost=8735.50..1692574.56 rows=208 width=0) (actual rows=83060 loops=3)
                     Filter: st_dwithin(geom, '0101000020110F000000000000000000000000000000000000'::geometry, '12616'::double precision)
                     Rows Removed by Filter: 22836
                     Heap Blocks: exact=14261
                     Buffers: shared read=43396 written=2
                     ->  Bitmap Index Scan on points_1m_geom_gix  (cost=0.00..8735.38 rows=315045 width=0) (actual rows=317688 loops=1)
                           Index Cond: (geom && st_expand('0101000020110F000000000000000000000000000000000000'::geometry, '12616'::double precision))
                           Buffers: shared read=1745
 Planning Time: 0.099 ms
 Execution Time: 109.462 ms
(18 rows)

-- r=17841 (~10%)
                                                                      QUERY PLAN                                                                      
══════════════════════════════════════════════════════════════════════════════════════════════════════════════════════════════════════════════════════
 Finalize Aggregate  (cost=3389649.38..3389649.39 rows=1 width=8) (actual rows=1 loops=1)
   Buffers: shared read=45065 written=3
   ->  Gather  (cost=3389649.17..3389649.38 rows=2 width=8) (actual rows=3 loops=1)
         Workers Planned: 2
         Workers Launched: 2
         Buffers: shared read=45065 written=3
         ->  Partial Aggregate  (cost=3388649.17..3388649.17 rows=1 width=8) (actual rows=1 loops=3)
               Buffers: shared read=45065 written=3
               ->  Parallel Bitmap Heap Scan on points_1m  (cost=17710.98..3388648.65 rows=208 width=0) (actual rows=166555 loops=3)
                     Filter: st_dwithin(geom, '0101000020110F000000000000000000000000000000000000'::geometry, '17841'::double precision)
                     Rows Removed by Filter: 45686
                     Heap Blocks: exact=14226
                     Buffers: shared read=45065 written=3
                     ->  Bitmap Index Scan on points_1m_geom_gix  (cost=0.00..17710.86 rows=638709 width=0) (actual rows=636723 loops=1)
                           Index Cond: (geom && st_expand('0101000020110F000000000000000000000000000000000000'::geometry, '17841'::double precision))
                           Buffers: shared read=3398 written=3
 Planning Time: 0.104 ms
 Execution Time: 147.696 ms
(18 rows)

-- r=25231 (~20%)
                                                                      QUERY PLAN                                                                      
══════════════════════════════════════════════════════════════════════════════════════════════════════════════════════════════════════════════════════
 Finalize Aggregate  (cost=6666275.86..6666275.87 rows=1 width=8) (actual rows=1 loops=1)
   Buffers: shared read=48332
   ->  Gather  (cost=6666275.64..6666275.85 rows=2 width=8) (actual rows=3 loops=1)
         Workers Planned: 2
         Workers Launched: 2
         Buffers: shared read=48332
         ->  Partial Aggregate  (cost=6665275.64..6665275.65 rows=1 width=8) (actual rows=1 loops=3)
               Buffers: shared read=48332
               ->  Parallel Bitmap Heap Scan on points_1m  (cost=35044.61..6665275.12 rows=208 width=0) (actual rows=333352 loops=3)
                     Filter: st_dwithin(geom, '0101000020110F000000000000000000000000000000000000'::geometry, '25231'::double precision)
                     Rows Removed by Filter: 90633
                     Heap Blocks: exact=14249
                     Buffers: shared read=48332
                     ->  Bitmap Index Scan on points_1m_geom_gix  (cost=0.00..35044.49 rows=1263993 width=0) (actual rows=1271955 loops=1)
                           Index Cond: (geom && st_expand('0101000020110F000000000000000000000000000000000000'::geometry, '25231'::double precision))
                           Buffers: shared read=6665
 Planning Time: 0.108 ms
 Execution Time: 226.981 ms
(18 rows)

-- r=28209 (~25%)
                                                                      QUERY PLAN                                                                      
══════════════════════════════════════════════════════════════════════════════════════════════════════════════════════════════════════════════════════
 Finalize Aggregate  (cost=8329497.76..8329497.77 rows=1 width=8) (actual rows=1 loops=1)
   Buffers: shared read=49959
   ->  Gather  (cost=8329497.54..8329497.75 rows=2 width=8) (actual rows=3 loops=1)
         Workers Planned: 2
         Workers Launched: 2
         Buffers: shared read=49959
         ->  Partial Aggregate  (cost=8328497.54..8328497.55 rows=1 width=8) (actual rows=1 loops=3)
               Buffers: shared read=49959
               ->  Parallel Bitmap Heap Scan on points_1m  (cost=43845.07..8328497.03 rows=208 width=0) (actual rows=416387 loops=3)
                     Filter: st_dwithin(geom, '0101000020110F000000000000000000000000000000000000'::geometry, '28209'::double precision)
                     Rows Removed by Filter: 113579
                     Heap Blocks: exact=14185
                     Buffers: shared read=49959
                     ->  Bitmap Index Scan on points_1m_geom_gix  (cost=0.00..43844.95 rows=1581388 width=0) (actual rows=1589898 loops=1)
                           Index Cond: (geom && st_expand('0101000020110F000000000000000000000000000000000000'::geometry, '28209'::double precision))
                           Buffers: shared read=8292
 Planning Time: 0.121 ms
 Execution Time: 258.136 ms
(18 rows)

