Expanded display is used automatically.
Null display is "¤".
Line style is unicode.
Unicode border line style is "single".
Unicode column line style is "single".
Unicode header line style is "double".
SET
== ST_Intersects envelope selectivity sweep at current random_page_cost ==
 random_page_cost 
══════════════════
 4
(1 row)

RESET
RESET
-- h=1118  (~0.05%)
                                                                                                                                                                                                                                 QUERY PLAN                                                                                                                                                                                                                                  
═════════════════════════════════════════════════════════════════════════════════════════════════════════════════════════════════════════════════════════════════════════════════════════════════════════════════════════════════════════════════════════════════════════════════════════════════════════════════════════════════════════════════════════════════════════════════════════════════════════════════════════════════════════════════════════════════════════════
 Aggregate  (cost=20.94..20.95 rows=1 width=8) (actual rows=1 loops=1)
   Buffers: shared hit=963 read=1549
   ->  Index Scan using points_1m_geom_gix on points_1m  (cost=0.41..20.93 rows=1 width=0) (actual rows=2441 loops=1)
         Index Cond: ((geom && '0103000020110F0000010000000500000000000000007891C000000000007891C000000000007891C0000000000078914000000000007891400000000000789140000000000078914000000000007891C000000000007891C000000000007891C0'::geometry) AND (geom && '0103000020110F0000010000000500000000000000007891C000000000007891C000000000007891C0000000000078914000000000007891400000000000789140000000000078914000000000007891C000000000007891C000000000007891C0'::geometry))
         Filter: st_intersects(geom, '0103000020110F0000010000000500000000000000007891C000000000007891C000000000007891C0000000000078914000000000007891400000000000789140000000000078914000000000007891C000000000007891C000000000007891C0'::geometry)
         Buffers: shared hit=963 read=1549
 Planning:
   Buffers: shared hit=134 read=55
 Planning Time: 10.149 ms
 Execution Time: 6.202 ms
(10 rows)

-- h=1581  (~0.1%)
                                                                                                                                                                                                                                 QUERY PLAN                                                                                                                                                                                                                                  
═════════════════════════════════════════════════════════════════════════════════════════════════════════════════════════════════════════════════════════════════════════════════════════════════════════════════════════════════════════════════════════════════════════════════════════════════════════════════════════════════════════════════════════════════════════════════════════════════════════════════════════════════════════════════════════════════════════════
 Aggregate  (cost=37.46..37.47 rows=1 width=8) (actual rows=1 loops=1)
   Buffers: shared hit=3422 read=1492
   ->  Index Scan using points_1m_geom_gix on points_1m  (cost=0.41..37.45 rows=2 width=0) (actual rows=4851 loops=1)
         Index Cond: ((geom && '0103000020110F000001000000050000000000000000B498C00000000000B498C00000000000B498C00000000000B498400000000000B498400000000000B498400000000000B498400000000000B498C00000000000B498C00000000000B498C0'::geometry) AND (geom && '0103000020110F000001000000050000000000000000B498C00000000000B498C00000000000B498C00000000000B498400000000000B498400000000000B498400000000000B498400000000000B498C00000000000B498C00000000000B498C0'::geometry))
         Filter: st_intersects(geom, '0103000020110F000001000000050000000000000000B498C00000000000B498C00000000000B498C00000000000B498400000000000B498400000000000B498400000000000B498400000000000B498C00000000000B498C00000000000B498C0'::geometry)
         Buffers: shared hit=3422 read=1492
 Planning Time: 0.175 ms
 Execution Time: 7.992 ms
(8 rows)

-- h=2236  (~0.2%)
                                                                                                                                                                                                                                 QUERY PLAN                                                                                                                                                                                                                                  
═════════════════════════════════════════════════════════════════════════════════════════════════════════════════════════════════════════════════════════════════════════════════════════════════════════════════════════════════════════════════════════════════════════════════════════════════════════════════════════════════════════════════════════════════════════════════════════════════════════════════════════════════════════════════════════════════════════════
 Aggregate  (cost=186.16..186.17 rows=1 width=8) (actual rows=1 loops=1)
   Buffers: shared hit=6833 read=3093
   ->  Index Scan using points_1m_geom_gix on points_1m  (cost=0.41..186.13 rows=11 width=0) (actual rows=9822 loops=1)
         Index Cond: ((geom && '0103000020110F00000100000005000000000000000078A1C0000000000078A1C0000000000078A1C0000000000078A140000000000078A140000000000078A140000000000078A140000000000078A1C0000000000078A1C0000000000078A1C0'::geometry) AND (geom && '0103000020110F00000100000005000000000000000078A1C0000000000078A1C0000000000078A1C0000000000078A140000000000078A140000000000078A140000000000078A140000000000078A1C0000000000078A1C0000000000078A1C0'::geometry))
         Filter: st_intersects(geom, '0103000020110F00000100000005000000000000000078A1C0000000000078A1C0000000000078A1C0000000000078A140000000000078A140000000000078A140000000000078A140000000000078A1C0000000000078A1C0000000000078A1C0'::geometry)
         Buffers: shared hit=6833 read=3093
 Planning Time: 0.151 ms
 Execution Time: 14.052 ms
(8 rows)

-- h=3536  (~0.5%)
                                                                                                                                                                                                                                 QUERY PLAN                                                                                                                                                                                                                                  
═════════════════════════════════════════════════════════════════════════════════════════════════════════════════════════════════════════════════════════════════════════════════════════════════════════════════════════════════════════════════════════════════════════════════════════════════════════════════════════════════════════════════════════════════════════════════════════════════════════════════════════════════════════════════════════════════════════════
 Aggregate  (cost=1557.53..1557.54 rows=1 width=8) (actual rows=1 loops=1)
   Buffers: shared hit=14559 read=10246
   ->  Index Scan using points_1m_geom_gix on points_1m  (cost=0.41..1557.30 rows=94 width=0) (actual rows=24629 loops=1)
         Index Cond: ((geom && '0103000020110F000001000000050000000000000000A0ABC00000000000A0ABC00000000000A0ABC00000000000A0AB400000000000A0AB400000000000A0AB400000000000A0AB400000000000A0ABC00000000000A0ABC00000000000A0ABC0'::geometry) AND (geom && '0103000020110F000001000000050000000000000000A0ABC00000000000A0ABC00000000000A0ABC00000000000A0AB400000000000A0AB400000000000A0AB400000000000A0AB400000000000A0ABC00000000000A0ABC00000000000A0ABC0'::geometry))
         Filter: st_intersects(geom, '0103000020110F000001000000050000000000000000A0ABC00000000000A0ABC00000000000A0ABC00000000000A0AB400000000000A0AB400000000000A0AB400000000000A0AB400000000000A0ABC00000000000A0ABC00000000000A0ABC0'::geometry)
         Buffers: shared hit=14559 read=10246
 Planning Time: 0.349 ms
 Execution Time: 35.859 ms
(8 rows)

-- h=5000  (~1%)
                                                                                                                                                                                                                                    QUERY PLAN                                                                                                                                                                                                                                     
═══════════════════════════════════════════════════════════════════════════════════════════════════════════════════════════════════════════════════════════════════════════════════════════════════════════════════════════════════════════════════════════════════════════════════════════════════════════════════════════════════════════════════════════════════════════════════════════════════════════════════════════════════════════════════════════════════════════════════
 Aggregate  (cost=6899.79..6899.80 rows=1 width=8) (actual rows=1 loops=1)
   Buffers: shared hit=6860 read=22549
   ->  Bitmap Heap Scan on points_1m  (cost=16.77..6898.72 rows=425 width=0) (actual rows=49711 loops=1)
         Recheck Cond: (geom && '0103000020110F00000100000005000000000000000088B3C0000000000088B3C0000000000088B3C0000000000088B340000000000088B340000000000088B340000000000088B340000000000088B3C0000000000088B3C0000000000088B3C0'::geometry)
         Filter: st_intersects(geom, '0103000020110F00000100000005000000000000000088B3C0000000000088B3C0000000000088B3C0000000000088B340000000000088B340000000000088B340000000000088B340000000000088B3C0000000000088B3C0000000000088B3C0'::geometry)
         Heap Blocks: exact=29089
         Buffers: shared hit=6860 read=22549
         ->  Bitmap Index Scan on points_1m_geom_gix  (cost=0.00..16.66 rows=425 width=0) (actual rows=49711 loops=1)
               Index Cond: ((geom && '0103000020110F00000100000005000000000000000088B3C0000000000088B3C0000000000088B3C0000000000088B340000000000088B340000000000088B340000000000088B340000000000088B3C0000000000088B3C0000000000088B3C0'::geometry) AND (geom && '0103000020110F00000100000005000000000000000088B3C0000000000088B3C0000000000088B3C0000000000088B340000000000088B340000000000088B340000000000088B340000000000088B3C0000000000088B3C0000000000088B3C0'::geometry))
               Buffers: shared hit=158 read=162
 Planning Time: 0.162 ms
 Execution Time: 68.742 ms
(12 rows)

-- h=7071  (~2%)
                                                                                                                                                                                                                                          QUERY PLAN                                                                                                                                                                                                                                           
═══════════════════════════════════════════════════════════════════════════════════════════════════════════════════════════════════════════════════════════════════════════════════════════════════════════════════════════════════════════════════════════════════════════════════════════════════════════════════════════════════════════════════════════════════════════════════════════════════════════════════════════════════════════════════════════════════════════════════════════════
 Finalize Aggregate  (cost=21570.15..21570.16 rows=1 width=8) (actual rows=1 loops=1)
   Buffers: shared hit=249 read=38300
   ->  Gather  (cost=21570.03..21570.14 rows=1 width=8) (actual rows=2 loops=1)
         Workers Planned: 1
         Workers Launched: 1
         Buffers: shared hit=249 read=38300
         ->  Partial Aggregate  (cost=20570.03..20570.04 rows=1 width=8) (actual rows=1 loops=2)
               Buffers: shared hit=249 read=38300
               ->  Parallel Bitmap Heap Scan on points_1m  (cost=60.16..20567.20 rows=1133 width=0) (actual rows=49865 loops=2)
                     Recheck Cond: (geom && '0103000020110F0000010000000500000000000000009FBBC000000000009FBBC000000000009FBBC000000000009FBB4000000000009FBB4000000000009FBB4000000000009FBB4000000000009FBBC000000000009FBBC000000000009FBBC0'::geometry)
                     Filter: st_intersects(geom, '0103000020110F0000010000000500000000000000009FBBC000000000009FBBC000000000009FBBC000000000009FBB4000000000009FBB4000000000009FBB4000000000009FBB4000000000009FBBC000000000009FBBC000000000009FBBC0'::geometry)
                     Heap Blocks: exact=18971
                     Buffers: shared hit=249 read=38300
                     ->  Bitmap Index Scan on points_1m_geom_gix  (cost=0.00..59.67 rows=1926 width=0) (actual rows=99730 loops=1)
                           Index Cond: ((geom && '0103000020110F0000010000000500000000000000009FBBC000000000009FBBC000000000009FBBC000000000009FBB4000000000009FBB4000000000009FBB4000000000009FBB4000000000009FBBC000000000009FBBC000000000009FBBC0'::geometry) AND (geom && '0103000020110F0000010000000500000000000000009FBBC000000000009FBBC000000000009FBBC000000000009FBB4000000000009FBB4000000000009FBB4000000000009FBB4000000000009FBBC000000000009FBBC000000000009FBBC0'::geometry))
                           Buffers: shared read=572
 Planning Time: 0.178 ms
 Execution Time: 92.098 ms
(18 rows)

-- h=11180 (~5%)
                                                                                                                                                                                                                                          QUERY PLAN                                                                                                                                                                                                                                           
═══════════════════════════════════════════════════════════════════════════════════════════════════════════════════════════════════════════════════════════════════════════════════════════════════════════════════════════════════════════════════════════════════════════════════════════════════════════════════════════════════════════════════════════════════════════════════════════════════════════════════════════════════════════════════════════════════════════════════════════════
 Finalize Aggregate  (cost=90870.15..90870.16 rows=1 width=8) (actual rows=1 loops=1)
   Buffers: shared read=42939
   ->  Gather  (cost=90869.93..90870.14 rows=2 width=8) (actual rows=3 loops=1)
         Workers Planned: 2
         Workers Launched: 2
         Buffers: shared read=42939
         ->  Partial Aggregate  (cost=89869.93..89869.94 rows=1 width=8) (actual rows=1 loops=3)
               Buffers: shared read=42939
               ->  Parallel Bitmap Heap Scan on points_1m  (cost=372.59..89857.31 rows=5048 width=0) (actual rows=83028 loops=3)
                     Recheck Cond: (geom && '0103000020110F000001000000050000000000000000D6C5C00000000000D6C5C00000000000D6C5C00000000000D6C5400000000000D6C5400000000000D6C5400000000000D6C5400000000000D6C5C00000000000D6C5C00000000000D6C5C0'::geometry)
                     Filter: st_intersects(geom, '0103000020110F000001000000050000000000000000D6C5C00000000000D6C5C00000000000D6C5C00000000000D6C5400000000000D6C5400000000000D6C5400000000000D6C5400000000000D6C5C00000000000D6C5C00000000000D6C5C0'::geometry)
                     Heap Blocks: exact=14204
                     Buffers: shared read=42939
                     ->  Bitmap Index Scan on points_1m_geom_gix  (cost=0.00..369.56 rows=12115 width=0) (actual rows=249083 loops=1)
                           Index Cond: ((geom && '0103000020110F000001000000050000000000000000D6C5C00000000000D6C5C00000000000D6C5C00000000000D6C5400000000000D6C5400000000000D6C5400000000000D6C5400000000000D6C5C00000000000D6C5C00000000000D6C5C0'::geometry) AND (geom && '0103000020110F000001000000050000000000000000D6C5C00000000000D6C5C00000000000D6C5C00000000000D6C5400000000000D6C5400000000000D6C5400000000000D6C5400000000000D6C5C00000000000D6C5C00000000000D6C5C0'::geometry))
                           Buffers: shared read=1364
 Planning Time: 0.174 ms
 Execution Time: 176.231 ms
(18 rows)

-- h=15811 (~10%)
                                                                                                                                                                                                                                          QUERY PLAN                                                                                                                                                                                                                                           
═══════════════════════════════════════════════════════════════════════════════════════════════════════════════════════════════════════════════════════════════════════════════════════════════════════════════════════════════════════════════════════════════════════════════════════════════════════════════════════════════════════════════════════════════════════════════════════════════════════════════════════════════════════════════════════════════════════════════════════════════
 Finalize Aggregate  (cost=305129.10..305129.11 rows=1 width=8) (actual rows=1 loops=1)
   Buffers: shared read=44323
   ->  Gather  (cost=305128.88..305129.09 rows=2 width=8) (actual rows=3 loops=1)
         Workers Planned: 2
         Workers Launched: 2
         Buffers: shared read=44323
         ->  Partial Aggregate  (cost=304128.88..304128.89 rows=1 width=8) (actual rows=1 loops=3)
               Buffers: shared read=44323
               ->  Parallel Bitmap Heap Scan on points_1m  (cost=1513.16..304077.18 rows=20681 width=0) (actual rows=166482 loops=3)
                     Recheck Cond: (geom && '0103000020110F000001000000050000000000000080E1CEC00000000080E1CEC00000000080E1CEC00000000080E1CE400000000080E1CE400000000080E1CE400000000080E1CE400000000080E1CEC00000000080E1CEC00000000080E1CEC0'::geometry)
                     Filter: st_intersects(geom, '0103000020110F000001000000050000000000000080E1CEC00000000080E1CEC00000000080E1CEC00000000080E1CE400000000080E1CE400000000080E1CE400000000080E1CE400000000080E1CEC00000000080E1CEC00000000080E1CEC0'::geometry)
                     Heap Blocks: exact=14258
                     Buffers: shared read=44323
                     ->  Bitmap Index Scan on points_1m_geom_gix  (cost=0.00..1500.75 rows=49634 width=0) (actual rows=499445 loops=1)
                           Index Cond: ((geom && '0103000020110F000001000000050000000000000080E1CEC00000000080E1CEC00000000080E1CEC00000000080E1CE400000000080E1CE400000000080E1CE400000000080E1CE400000000080E1CEC00000000080E1CEC00000000080E1CEC0'::geometry) AND (geom && '0103000020110F000001000000050000000000000080E1CEC00000000080E1CEC00000000080E1CEC00000000080E1CE400000000080E1CE400000000080E1CE400000000080E1CE400000000080E1CEC00000000080E1CEC00000000080E1CEC0'::geometry))
                           Buffers: shared read=2656
 Planning Time: 0.203 ms
 Execution Time: 204.750 ms
(18 rows)

-- h=22361 (~20%)
                                                                                                                                                                                                                                          QUERY PLAN                                                                                                                                                                                                                                           
═══════════════════════════════════════════════════════════════════════════════════════════════════════════════════════════════════════════════════════════════════════════════════════════════════════════════════════════════════════════════════════════════════════════════════════════════════════════════════════════════════════════════════════════════════════════════════════════════════════════════════════════════════════════════════════════════════════════════════════════════
 Finalize Aggregate  (cost=1082106.98..1082106.99 rows=1 width=8) (actual rows=1 loops=1)
   Buffers: shared read=46893
   ->  Gather  (cost=1082106.76..1082106.97 rows=2 width=8) (actual rows=3 loops=1)
         Workers Planned: 2
         Workers Launched: 2
         Buffers: shared read=46893
         ->  Partial Aggregate  (cost=1081106.76..1081106.77 rows=1 width=8) (actual rows=1 loops=3)
               Buffers: shared read=46893
               ->  Parallel Bitmap Heap Scan on points_1m  (cost=6039.71..1080900.33 rows=82573 width=0) (actual rows=333515 loops=3)
                     Recheck Cond: (geom && '0103000020110F000001000000050000000000000040D6D5C00000000040D6D5C00000000040D6D5C00000000040D6D5400000000040D6D5400000000040D6D5400000000040D6D5400000000040D6D5C00000000040D6D5C00000000040D6D5C0'::geometry)
                     Filter: st_intersects(geom, '0103000020110F000001000000050000000000000040D6D5C00000000040D6D5C00000000040D6D5C00000000040D6D5400000000040D6D5400000000040D6D5400000000040D6D5400000000040D6D5C00000000040D6D5C00000000040D6D5C0'::geometry)
                     Heap Blocks: exact=14162
                     Buffers: shared read=46893
                     ->  Bitmap Index Scan on points_1m_geom_gix  (cost=0.00..5990.16 rows=198175 width=0) (actual rows=1000544 loops=1)
                           Index Cond: ((geom && '0103000020110F000001000000050000000000000040D6D5C00000000040D6D5C00000000040D6D5C00000000040D6D5400000000040D6D5400000000040D6D5400000000040D6D5400000000040D6D5C00000000040D6D5C00000000040D6D5C0'::geometry) AND (geom && '0103000020110F000001000000050000000000000040D6D5C00000000040D6D5C00000000040D6D5C00000000040D6D5400000000040D6D5400000000040D6D5400000000040D6D5400000000040D6D5C00000000040D6D5C00000000040D6D5C0'::geometry))
                           Buffers: shared read=5226
 Planning Time: 0.203 ms
 Execution Time: 220.954 ms
(18 rows)

-- h=25000 (~25%)
                                                                                                                                                                                                                                          QUERY PLAN                                                                                                                                                                                                                                           
═══════════════════════════════════════════════════════════════════════════════════════════════════════════════════════════════════════════════════════════════════════════════════════════════════════════════════════════════════════════════════════════════════════════════════════════════════════════════════════════════════════════════════════════════════════════════════════════════════════════════════════════════════════════════════════════════════════════════════════════════
 Finalize Aggregate  (cost=1657115.00..1657115.01 rows=1 width=8) (actual rows=1 loops=1)
   Buffers: shared read=48186
   ->  Gather  (cost=1657114.79..1657115.00 rows=2 width=8) (actual rows=3 loops=1)
         Workers Planned: 2
         Workers Launched: 2
         Buffers: shared read=48186
         ->  Partial Aggregate  (cost=1656114.79..1656114.80 rows=1 width=8) (actual rows=1 loops=3)
               Buffers: shared read=48186
               ->  Parallel Bitmap Heap Scan on points_1m  (cost=9383.40..1655794.16 rows=128251 width=0) (actual rows=416282 loops=3)
                     Recheck Cond: (geom && '0103000020110F0000010000000500000000000000006AD8C000000000006AD8C000000000006AD8C000000000006AD84000000000006AD84000000000006AD84000000000006AD84000000000006AD8C000000000006AD8C000000000006AD8C0'::geometry)
                     Filter: st_intersects(geom, '0103000020110F0000010000000500000000000000006AD8C000000000006AD8C000000000006AD8C000000000006AD84000000000006AD84000000000006AD84000000000006AD84000000000006AD8C000000000006AD8C000000000006AD8C0'::geometry)
                     Heap Blocks: exact=14142
                     Buffers: shared read=48186
                     ->  Bitmap Index Scan on points_1m_geom_gix  (cost=0.00..9306.45 rows=307803 width=0) (actual rows=1248846 loops=1)
                           Index Cond: ((geom && '0103000020110F0000010000000500000000000000006AD8C000000000006AD8C000000000006AD8C000000000006AD84000000000006AD84000000000006AD84000000000006AD84000000000006AD8C000000000006AD8C000000000006AD8C0'::geometry) AND (geom && '0103000020110F0000010000000500000000000000006AD8C000000000006AD8C000000000006AD8C000000000006AD84000000000006AD84000000000006AD84000000000006AD84000000000006AD8C000000000006AD8C000000000006AD8C0'::geometry))
                           Buffers: shared read=6519
 Planning Time: 0.219 ms
 Execution Time: 271.760 ms
(18 rows)

