Expanded display is used automatically.
Null display is "¤".
Line style is unicode.
Unicode border line style is "single".
Unicode column line style is "single".
Unicode header line style is "double".
SET
== ST_Intersects envelope sweep with adjusted random_page_cost ==
SET
 random_page_cost 
══════════════════
 30
(1 row)

RESET
RESET
-- h=1118  (~0.05%)
                                                                                                                                                                                                                                 QUERY PLAN                                                                                                                                                                                                                                  
═════════════════════════════════════════════════════════════════════════════════════════════════════════════════════════════════════════════════════════════════════════════════════════════════════════════════════════════════════════════════════════════════════════════════════════════════════════════════════════════════════════════════════════════════════════════════════════════════════════════════════════════════════════════════════════════════════════════
 Aggregate  (cost=72.81..72.82 rows=1 width=8) (actual rows=1 loops=1)
   Buffers: shared hit=564
   ->  Index Scan using points_1m_geom_gix on points_1m  (cost=0.29..72.81 rows=1 width=0) (actual rows=510 loops=1)
         Index Cond: ((geom && '0103000020110F0000010000000500000000000000007891C000000000007891C000000000007891C0000000000078914000000000007891400000000000789140000000000078914000000000007891C000000000007891C000000000007891C0'::geometry) AND (geom && '0103000020110F0000010000000500000000000000007891C000000000007891C000000000007891C0000000000078914000000000007891400000000000789140000000000078914000000000007891C000000000007891C000000000007891C0'::geometry))
         Filter: st_intersects(geom, '0103000020110F0000010000000500000000000000007891C000000000007891C000000000007891C0000000000078914000000000007891400000000000789140000000000078914000000000007891C000000000007891C000000000007891C0'::geometry)
         Buffers: shared hit=564
 Planning:
   Buffers: shared hit=190
 Planning Time: 10.000 ms
 Execution Time: 0.784 ms
(10 rows)

-- h=1581  (~0.1%)
                                                                                                                                                                                                                                 QUERY PLAN                                                                                                                                                                                                                                  
═════════════════════════════════════════════════════════════════════════════════════════════════════════════════════════════════════════════════════════════════════════════════════════════════════════════════════════════════════════════════════════════════════════════════════════════════════════════════════════════════════════════════════════════════════════════════════════════════════════════════════════════════════════════════════════════════════════════
 Aggregate  (cost=72.81..72.82 rows=1 width=8) (actual rows=1 loops=1)
   Buffers: shared hit=1036
   ->  Index Scan using points_1m_geom_gix on points_1m  (cost=0.29..72.81 rows=1 width=0) (actual rows=1004 loops=1)
         Index Cond: ((geom && '0103000020110F000001000000050000000000000000B498C00000000000B498C00000000000B498C00000000000B498400000000000B498400000000000B498400000000000B498400000000000B498C00000000000B498C00000000000B498C0'::geometry) AND (geom && '0103000020110F000001000000050000000000000000B498C00000000000B498C00000000000B498C00000000000B498400000000000B498400000000000B498400000000000B498400000000000B498C00000000000B498C00000000000B498C0'::geometry))
         Filter: st_intersects(geom, '0103000020110F000001000000050000000000000000B498C00000000000B498C00000000000B498C00000000000B498400000000000B498400000000000B498400000000000B498400000000000B498C00000000000B498C00000000000B498C0'::geometry)
         Buffers: shared hit=1036
 Planning Time: 0.172 ms
 Execution Time: 0.906 ms
(8 rows)

-- h=2236  (~0.2%)
                                                                                                                                                                                                                                    QUERY PLAN                                                                                                                                                                                                                                     
═══════════════════════════════════════════════════════════════════════════════════════════════════════════════════════════════════════════════════════════════════════════════════════════════════════════════════════════════════════════════════════════════════════════════════════════════════════════════════════════════════════════════════════════════════════════════════════════════════════════════════════════════════════════════════════════════════════════════════
 Aggregate  (cost=197.84..197.85 rows=1 width=8) (actual rows=1 loops=1)
   Buffers: shared hit=1818
   ->  Bitmap Heap Scan on points_1m  (cost=30.33..197.83 rows=4 width=0) (actual rows=1973 loops=1)
         Recheck Cond: (geom && '0103000020110F00000100000005000000000000000078A1C0000000000078A1C0000000000078A1C0000000000078A140000000000078A140000000000078A140000000000078A140000000000078A1C0000000000078A1C0000000000078A1C0'::geometry)
         Filter: st_intersects(geom, '0103000020110F00000100000005000000000000000078A1C0000000000078A1C0000000000078A1C0000000000078A140000000000078A140000000000078A140000000000078A140000000000078A1C0000000000078A1C0000000000078A1C0'::geometry)
         Heap Blocks: exact=1771
         Buffers: shared hit=1818
         ->  Bitmap Index Scan on points_1m_geom_gix  (cost=0.00..30.32 rows=4 width=0) (actual rows=1973 loops=1)
               Index Cond: ((geom && '0103000020110F00000100000005000000000000000078A1C0000000000078A1C0000000000078A1C0000000000078A140000000000078A140000000000078A140000000000078A140000000000078A1C0000000000078A1C0000000000078A1C0'::geometry) AND (geom && '0103000020110F00000100000005000000000000000078A1C0000000000078A1C0000000000078A1C0000000000078A140000000000078A140000000000078A140000000000078A140000000000078A1C0000000000078A1C0000000000078A1C0'::geometry))
               Buffers: shared hit=47
 Planning Time: 0.130 ms
 Execution Time: 1.964 ms
(12 rows)

-- h=3536  (~0.5%)
                                                                                                                                                                                                                                    QUERY PLAN                                                                                                                                                                                                                                     
═══════════════════════════════════════════════════════════════════════════════════════════════════════════════════════════════════════════════════════════════════════════════════════════════════════════════════════════════════════════════════════════════════════════════════════════════════════════════════════════════════════════════════════════════════════════════════════════════════════════════════════════════════════════════════════════════════════════════════
 Aggregate  (cost=1013.54..1013.55 rows=1 width=8) (actual rows=1 loops=1)
   Buffers: shared hit=3801
   ->  Bitmap Heap Scan on points_1m  (cost=30.53..1013.48 rows=24 width=0) (actual rows=4925 loops=1)
         Recheck Cond: (geom && '0103000020110F000001000000050000000000000000A0ABC00000000000A0ABC00000000000A0ABC00000000000A0AB400000000000A0AB400000000000A0AB400000000000A0AB400000000000A0ABC00000000000A0ABC00000000000A0ABC0'::geometry)
         Filter: st_intersects(geom, '0103000020110F000001000000050000000000000000A0ABC00000000000A0ABC00000000000A0ABC00000000000A0AB400000000000A0AB400000000000A0AB400000000000A0AB400000000000A0ABC00000000000A0ABC00000000000A0ABC0'::geometry)
         Heap Blocks: exact=3741
         Buffers: shared hit=3801
         ->  Bitmap Index Scan on points_1m_geom_gix  (cost=0.00..30.52 rows=24 width=0) (actual rows=4925 loops=1)
               Index Cond: ((geom && '0103000020110F000001000000050000000000000000A0ABC00000000000A0ABC00000000000A0ABC00000000000A0AB400000000000A0AB400000000000A0AB400000000000A0AB400000000000A0ABC00000000000A0ABC00000000000A0ABC0'::geometry) AND (geom && '0103000020110F000001000000050000000000000000A0ABC00000000000A0ABC00000000000A0ABC00000000000A0AB400000000000A0AB400000000000A0AB400000000000A0AB400000000000A0ABC00000000000A0ABC00000000000A0ABC0'::geometry))
               Buffers: shared hit=60
 Planning Time: 0.230 ms
 Execution Time: 6.426 ms
(12 rows)

-- h=5000  (~1%)
                                                                                                                                                                                                                                    QUERY PLAN                                                                                                                                                                                                                                     
═══════════════════════════════════════════════════════════════════════════════════════════════════════════════════════════════════════════════════════════════════════════════════════════════════════════════════════════════════════════════════════════════════════════════════════════════════════════════════════════════════════════════════════════════════════════════════════════════════════════════════════════════════════════════════════════════════════════════════
 Aggregate  (cost=4228.89..4228.90 rows=1 width=8) (actual rows=1 loops=1)
   Buffers: shared hit=5979
   ->  Bitmap Heap Scan on points_1m  (cost=31.38..4228.62 rows=107 width=0) (actual rows=9968 loops=1)
         Recheck Cond: (geom && '0103000020110F00000100000005000000000000000088B3C0000000000088B3C0000000000088B3C0000000000088B340000000000088B340000000000088B340000000000088B340000000000088B3C0000000000088B3C0000000000088B3C0'::geometry)
         Filter: st_intersects(geom, '0103000020110F00000100000005000000000000000088B3C0000000000088B3C0000000000088B3C0000000000088B340000000000088B340000000000088B340000000000088B340000000000088B3C0000000000088B3C0000000000088B3C0'::geometry)
         Heap Blocks: exact=5889
         Buffers: shared hit=5979
         ->  Bitmap Index Scan on points_1m_geom_gix  (cost=0.00..31.36 rows=107 width=0) (actual rows=9968 loops=1)
               Index Cond: ((geom && '0103000020110F00000100000005000000000000000088B3C0000000000088B3C0000000000088B3C0000000000088B340000000000088B340000000000088B340000000000088B340000000000088B3C0000000000088B3C0000000000088B3C0'::geometry) AND (geom && '0103000020110F00000100000005000000000000000088B3C0000000000088B3C0000000000088B3C0000000000088B340000000000088B340000000000088B340000000000088B340000000000088B3C0000000000088B3C0000000000088B3C0'::geometry))
               Buffers: shared hit=90
 Planning Time: 0.162 ms
 Execution Time: 7.234 ms
(12 rows)

-- h=7071  (~2%)
                                                                                                                                                                                                                                    QUERY PLAN                                                                                                                                                                                                                                     
═══════════════════════════════════════════════════════════════════════════════════════════════════════════════════════════════════════════════════════════════════════════════════════════════════════════════════════════════════════════════════════════════════════════════════════════════════════════════════════════════════════════════════════════════════════════════════════════════════════════════════════════════════════════════════════════════════════════════════
 Aggregate  (cost=15550.72..15550.73 rows=1 width=8) (actual rows=1 loops=1)
   Buffers: shared hit=7756
   ->  Bitmap Heap Scan on points_1m  (cost=94.76..15549.63 rows=437 width=0) (actual rows=20010 loops=1)
         Recheck Cond: (geom && '0103000020110F0000010000000500000000000000009FBBC000000000009FBBC000000000009FBBC000000000009FBB4000000000009FBB4000000000009FBB4000000000009FBB4000000000009FBBC000000000009FBBC000000000009FBBC0'::geometry)
         Filter: st_intersects(geom, '0103000020110F0000010000000500000000000000009FBBC000000000009FBBC000000000009FBBC000000000009FBB4000000000009FBB4000000000009FBB4000000000009FBB4000000000009FBBC000000000009FBBC000000000009FBBC0'::geometry)
         Heap Blocks: exact=7612
         Buffers: shared hit=7756
         ->  Bitmap Index Scan on points_1m_geom_gix  (cost=0.00..94.66 rows=437 width=0) (actual rows=20010 loops=1)
               Index Cond: ((geom && '0103000020110F0000010000000500000000000000009FBBC000000000009FBBC000000000009FBBC000000000009FBB4000000000009FBB4000000000009FBB4000000000009FBB4000000000009FBBC000000000009FBBC000000000009FBBC0'::geometry) AND (geom && '0103000020110F0000010000000500000000000000009FBBC000000000009FBBC000000000009FBBC000000000009FBB4000000000009FBB4000000000009FBB4000000000009FBB4000000000009FBBC000000000009FBBC000000000009FBBC0'::geometry))
               Buffers: shared hit=144
 Planning Time: 0.182 ms
 Execution Time: 11.594 ms
(12 rows)

-- h=11180 (~5%)
                                                                                                                                                                                                                                          QUERY PLAN                                                                                                                                                                                                                                           
═══════════════════════════════════════════════════════════════════════════════════════════════════════════════════════════════════════════════════════════════════════════════════════════════════════════════════════════════════════════════════════════════════════════════════════════════════════════════════════════════════════════════════════════════════════════════════════════════════════════════════════════════════════════════════════════════════════════════════════════════
 Finalize Aggregate  (cost=55872.51..55872.52 rows=1 width=8) (actual rows=1 loops=1)
   Buffers: shared hit=8628
   ->  Gather  (cost=55872.39..55872.50 rows=1 width=8) (actual rows=2 loops=1)
         Workers Planned: 1
         Workers Launched: 1
         Buffers: shared hit=8628
         ->  Partial Aggregate  (cost=54872.39..54872.40 rows=1 width=8) (actual rows=1 loops=2)
               Buffers: shared hit=8628
               ->  Parallel Bitmap Heap Scan on points_1m  (cost=448.30..54868.37 rows=1608 width=0) (actual rows=25094 loops=2)
                     Recheck Cond: (geom && '0103000020110F000001000000050000000000000000D6C5C00000000000D6C5C00000000000D6C5C00000000000D6C5400000000000D6C5400000000000D6C5400000000000D6C5400000000000D6C5C00000000000D6C5C00000000000D6C5C0'::geometry)
                     Filter: st_intersects(geom, '0103000020110F000001000000050000000000000000D6C5C00000000000D6C5C00000000000D6C5C00000000000D6C5400000000000D6C5400000000000D6C5400000000000D6C5400000000000D6C5C00000000000D6C5C00000000000D6C5C0'::geometry)
                     Heap Blocks: exact=6184
                     Buffers: shared hit=8628
                     ->  Bitmap Index Scan on points_1m_geom_gix  (cost=0.00..447.62 rows=2733 width=0) (actual rows=50187 loops=1)
                           Index Cond: ((geom && '0103000020110F000001000000050000000000000000D6C5C00000000000D6C5C00000000000D6C5C00000000000D6C5400000000000D6C5400000000000D6C5400000000000D6C5400000000000D6C5C00000000000D6C5C00000000000D6C5C0'::geometry) AND (geom && '0103000020110F000001000000050000000000000000D6C5C00000000000D6C5C00000000000D6C5C00000000000D6C5400000000000D6C5400000000000D6C5400000000000D6C5400000000000D6C5C00000000000D6C5C00000000000D6C5C0'::geometry))
                           Buffers: shared hit=312
 Planning Time: 0.200 ms
 Execution Time: 20.297 ms
(18 rows)

-- h=15811 (~10%)
                                                                                                                                                                                                                                          QUERY PLAN                                                                                                                                                                                                                                           
═══════════════════════════════════════════════════════════════════════════════════════════════════════════════════════════════════════════════════════════════════════════════════════════════════════════════════════════════════════════════════════════════════════════════════════════════════════════════════════════════════════════════════════════════════════════════════════════════════════════════════════════════════════════════════════════════════════════════════════════════
 Finalize Aggregate  (cost=85347.84..85347.85 rows=1 width=8) (actual rows=1 loops=1)
   Buffers: shared hit=8896
   ->  Gather  (cost=85347.62..85347.83 rows=2 width=8) (actual rows=3 loops=1)
         Workers Planned: 2
         Workers Launched: 2
         Buffers: shared hit=8896
         ->  Partial Aggregate  (cost=84347.62..84347.63 rows=1 width=8) (actual rows=1 loops=3)
               Buffers: shared hit=8896
               ->  Parallel Bitmap Heap Scan on points_1m  (cost=1632.95..84337.19 rows=4173 width=0) (actual rows=33290 loops=3)
                     Recheck Cond: (geom && '0103000020110F000001000000050000000000000080E1CEC00000000080E1CEC00000000080E1CEC00000000080E1CE400000000080E1CE400000000080E1CE400000000080E1CE400000000080E1CEC00000000080E1CEC00000000080E1CEC0'::geometry)
                     Filter: st_intersects(geom, '0103000020110F000001000000050000000000000080E1CEC00000000080E1CEC00000000080E1CEC00000000080E1CE400000000080E1CE400000000080E1CE400000000080E1CE400000000080E1CEC00000000080E1CEC00000000080E1CEC0'::geometry)
                     Heap Blocks: exact=3701
                     Buffers: shared hit=8896
                     ->  Bitmap Index Scan on points_1m_geom_gix  (cost=0.00..1630.45 rows=10016 width=0) (actual rows=99870 loops=1)
                           Index Cond: ((geom && '0103000020110F000001000000050000000000000080E1CEC00000000080E1CEC00000000080E1CEC00000000080E1CE400000000080E1CE400000000080E1CE400000000080E1CE400000000080E1CEC00000000080E1CEC00000000080E1CEC0'::geometry) AND (geom && '0103000020110F000001000000050000000000000080E1CEC00000000080E1CEC00000000080E1CEC00000000080E1CE400000000080E1CE400000000080E1CE400000000080E1CE400000000080E1CEC00000000080E1CEC00000000080E1CEC0'::geometry))
                           Buffers: shared hit=562
 Planning Time: 0.180 ms
 Execution Time: 26.412 ms
(18 rows)

-- h=22361 (~20%)
                                                                                                                                                                                                                                          QUERY PLAN                                                                                                                                                                                                                                           
═══════════════════════════════════════════════════════════════════════════════════════════════════════════════════════════════════════════════════════════════════════════════════════════════════════════════════════════════════════════════════════════════════════════════════════════════════════════════════════════════════════════════════════════════════════════════════════════════════════════════════════════════════════════════════════════════════════════════════════════════
 Finalize Aggregate  (cost=228607.98..228607.99 rows=1 width=8) (actual rows=1 loops=1)
   Buffers: shared hit=9438
   ->  Gather  (cost=228607.76..228607.97 rows=2 width=8) (actual rows=3 loops=1)
         Workers Planned: 2
         Workers Launched: 2
         Buffers: shared hit=9438
         ->  Partial Aggregate  (cost=227607.76..227607.77 rows=1 width=8) (actual rows=1 loops=3)
               Buffers: shared hit=9438
               ->  Parallel Bitmap Heap Scan on points_1m  (cost=6628.27..227565.29 rows=16991 width=0) (actual rows=66550 loops=3)
                     Recheck Cond: (geom && '0103000020110F000001000000050000000000000040D6D5C00000000040D6D5C00000000040D6D5C00000000040D6D5400000000040D6D5400000000040D6D5400000000040D6D5400000000040D6D5C00000000040D6D5C00000000040D6D5C0'::geometry)
                     Filter: st_intersects(geom, '0103000020110F000001000000050000000000000040D6D5C00000000040D6D5C00000000040D6D5C00000000040D6D5400000000040D6D5400000000040D6D5400000000040D6D5400000000040D6D5C00000000040D6D5C00000000040D6D5C0'::geometry)
                     Heap Blocks: exact=3024
                     Buffers: shared hit=9438
                     ->  Bitmap Index Scan on points_1m_geom_gix  (cost=0.00..6618.07 rows=40779 width=0) (actual rows=199649 loops=1)
                           Index Cond: ((geom && '0103000020110F000001000000050000000000000040D6D5C00000000040D6D5C00000000040D6D5C00000000040D6D5400000000040D6D5400000000040D6D5400000000040D6D5400000000040D6D5C00000000040D6D5C00000000040D6D5C0'::geometry) AND (geom && '0103000020110F000001000000050000000000000040D6D5C00000000040D6D5C00000000040D6D5C00000000040D6D5400000000040D6D5400000000040D6D5400000000040D6D5400000000040D6D5C00000000040D6D5C00000000040D6D5C0'::geometry))
                           Buffers: shared hit=1104
 Planning Time: 0.205 ms
 Execution Time: 39.794 ms
(18 rows)

-- h=25000 (~25%)
                                                                                                                                                                                                                                          QUERY PLAN                                                                                                                                                                                                                                           
═══════════════════════════════════════════════════════════════════════════════════════════════════════════════════════════════════════════════════════════════════════════════════════════════════════════════════════════════════════════════════════════════════════════════════════════════════════════════════════════════════════════════════════════════════════════════════════════════════════════════════════════════════════════════════════════════════════════════════════════════
 Finalize Aggregate  (cost=350828.89..350828.90 rows=1 width=8) (actual rows=1 loops=1)
   Buffers: shared hit=9728
   ->  Gather  (cost=350828.68..350828.89 rows=2 width=8) (actual rows=3 loops=1)
         Workers Planned: 2
         Workers Launched: 2
         Buffers: shared hit=9728
         ->  Partial Aggregate  (cost=349828.68..349828.69 rows=1 width=8) (actual rows=1 loops=3)
               Buffers: shared hit=9728
               ->  Parallel Bitmap Heap Scan on points_1m  (cost=10311.27..349762.52 rows=26463 width=0) (actual rows=83248 loops=3)
                     Recheck Cond: (geom && '0103000020110F0000010000000500000000000000006AD8C000000000006AD8C000000000006AD8C000000000006AD84000000000006AD84000000000006AD84000000000006AD84000000000006AD8C000000000006AD8C000000000006AD8C0'::geometry)
                     Filter: st_intersects(geom, '0103000020110F0000010000000500000000000000006AD8C000000000006AD8C000000000006AD8C000000000006AD84000000000006AD84000000000006AD84000000000006AD84000000000006AD8C000000000006AD8C000000000006AD8C0'::geometry)
                     Heap Blocks: exact=3002
                     Buffers: shared hit=9728
                     ->  Bitmap Index Scan on points_1m_geom_gix  (cost=0.00..10295.40 rows=63511 width=0) (actual rows=249744 loops=1)
                           Index Cond: ((geom && '0103000020110F0000010000000500000000000000006AD8C000000000006AD8C000000000006AD8C000000000006AD84000000000006AD84000000000006AD84000000000006AD84000000000006AD8C000000000006AD8C000000000006AD8C0'::geometry) AND (geom && '0103000020110F0000010000000500000000000000006AD8C000000000006AD8C000000000006AD8C000000000006AD84000000000006AD84000000000006AD84000000000006AD84000000000006AD8C000000000006AD8C000000000006AD8C0'::geometry))
                           Buffers: shared hit=1394
 Planning Time: 0.211 ms
 Execution Time: 47.024 ms
(18 rows)

