Expanded display is used automatically.
Null display is "¤".
Line style is unicode.
Unicode border line style is "single".
Unicode column line style is "single".
Unicode header line style is "double".
SET
== ST_DWithin crossover probe: planner vs forced index vs forced seq ==
RESET
RESET
RESET
@ sel=0.01 mode=planner
RESET
RESET
RESET
                                                            QUERY PLAN                                                            
══════════════════════════════════════════════════════════════════════════════════════════════════════════════════════════════════
 Aggregate  (cost=336.14..336.15 rows=1 width=8) (actual rows=1 loops=1)
   Buffers: shared hit=42 read=61
   ->  Index Scan using points_1m_geom_gix on points_1m  (cost=0.54..334.89 rows=500 width=0) (actual rows=50 loops=1)
         Index Cond: (geom && st_expand('0101000020110F000000000000000000000000000000000000'::geometry, '178'::double precision))
         Filter: st_dwithin(geom, '0101000020110F000000000000000000000000000000000000'::geometry, '178'::double precision)
         Rows Removed by Filter: 10
         Buffers: shared hit=42 read=61
 Planning:
   Buffers: shared hit=140 read=58
 Planning Time: 28.663 ms
 Execution Time: 0.643 ms
(11 rows)

@ sel=0.01 mode=forced_index
SET
SET
SET
                                                            QUERY PLAN                                                            
══════════════════════════════════════════════════════════════════════════════════════════════════════════════════════════════════
 Aggregate  (cost=336.14..336.15 rows=1 width=8) (actual rows=1 loops=1)
   Buffers: shared hit=79
   ->  Index Scan using points_1m_geom_gix on points_1m  (cost=0.54..334.89 rows=500 width=0) (actual rows=50 loops=1)
         Index Cond: (geom && st_expand('0101000020110F000000000000000000000000000000000000'::geometry, '178'::double precision))
         Filter: st_dwithin(geom, '0101000020110F000000000000000000000000000000000000'::geometry, '178'::double precision)
         Rows Removed by Filter: 10
         Buffers: shared hit=79
 Planning Time: 0.140 ms
 Execution Time: 0.143 ms
(9 rows)

@ sel=0.01 mode=forced_seq
SET
SET
SET
                                                              QUERY PLAN                                                               
═══════════════════════════════════════════════════════════════════════════════════════════════════════════════════════════════════════
 Finalize Aggregate  (cost=26105084.33..26105084.34 rows=1 width=8) (actual rows=1 loops=1)
   Buffers: shared hit=16076 read=25591
   ->  Gather  (cost=26105084.12..26105084.33 rows=2 width=8) (actual rows=3 loops=1)
         Workers Planned: 2
         Workers Launched: 2
         Buffers: shared hit=16076 read=25591
         ->  Partial Aggregate  (cost=26104084.12..26104084.13 rows=1 width=8) (actual rows=1 loops=3)
               Buffers: shared hit=16076 read=25591
               ->  Parallel Seq Scan on points_1m  (cost=0.00..26104083.60 rows=208 width=0) (actual rows=17 loops=3)
                     Filter: st_dwithin(geom, '0101000020110F000000000000000000000000000000000000'::geometry, '178'::double precision)
                     Rows Removed by Filter: 1666650
                     Buffers: shared hit=16076 read=25591
 Planning Time: 0.258 ms
 Execution Time: 260.309 ms
(14 rows)

@ sel=0.02 mode=planner
RESET
RESET
RESET
                                                            QUERY PLAN                                                            
══════════════════════════════════════════════════════════════════════════════════════════════════════════════════════════════════
 Aggregate  (cost=683.01..683.02 rows=1 width=8) (actual rows=1 loops=1)
   Buffers: shared hit=105 read=47
   ->  Index Scan using points_1m_geom_gix on points_1m  (cost=0.54..681.76 rows=500 width=0) (actual rows=105 loops=1)
         Index Cond: (geom && st_expand('0101000020110F000000000000000000000000000000000000'::geometry, '252'::double precision))
         Filter: st_dwithin(geom, '0101000020110F000000000000000000000000000000000000'::geometry, '252'::double precision)
         Rows Removed by Filter: 28
         Buffers: shared hit=105 read=47
 Planning Time: 0.112 ms
 Execution Time: 0.464 ms
(9 rows)

@ sel=0.02 mode=forced_index
SET
SET
SET
                                                            QUERY PLAN                                                            
══════════════════════════════════════════════════════════════════════════════════════════════════════════════════════════════════
 Aggregate  (cost=683.01..683.02 rows=1 width=8) (actual rows=1 loops=1)
   Buffers: shared hit=152
   ->  Index Scan using points_1m_geom_gix on points_1m  (cost=0.54..681.76 rows=500 width=0) (actual rows=105 loops=1)
         Index Cond: (geom && st_expand('0101000020110F000000000000000000000000000000000000'::geometry, '252'::double precision))
         Filter: st_dwithin(geom, '0101000020110F000000000000000000000000000000000000'::geometry, '252'::double precision)
         Rows Removed by Filter: 28
         Buffers: shared hit=152
 Planning Time: 0.284 ms
 Execution Time: 0.136 ms
(9 rows)

@ sel=0.02 mode=forced_seq
SET
SET
SET
                                                              QUERY PLAN                                                               
═══════════════════════════════════════════════════════════════════════════════════════════════════════════════════════════════════════
 Finalize Aggregate  (cost=26105084.33..26105084.34 rows=1 width=8) (actual rows=1 loops=1)
   Buffers: shared hit=16076 read=25591
   ->  Gather  (cost=26105084.12..26105084.33 rows=2 width=8) (actual rows=3 loops=1)
         Workers Planned: 2
         Workers Launched: 2
         Buffers: shared hit=16076 read=25591
         ->  Partial Aggregate  (cost=26104084.12..26104084.13 rows=1 width=8) (actual rows=1 loops=3)
               Buffers: shared hit=16076 read=25591
               ->  Parallel Seq Scan on points_1m  (cost=0.00..26104083.60 rows=208 width=0) (actual rows=35 loops=3)
                     Filter: st_dwithin(geom, '0101000020110F000000000000000000000000000000000000'::geometry, '252'::double precision)
                     Rows Removed by Filter: 1666632
                     Buffers: shared hit=16076 read=25591
 Planning Time: 0.093 ms
 Execution Time: 241.283 ms
(14 rows)

@ sel=0.03 mode=planner
RESET
RESET
RESET
                                                            QUERY PLAN                                                            
══════════════════════════════════════════════════════════════════════════════════════════════════════════════════════════════════
 Aggregate  (cost=1029.88..1029.88 rows=1 width=8) (actual rows=1 loops=1)
   Buffers: shared hit=169 read=30
   ->  Index Scan using points_1m_geom_gix on points_1m  (cost=0.54..1028.62 rows=500 width=0) (actual rows=150 loops=1)
         Index Cond: (geom && st_expand('0101000020110F000000000000000000000000000000000000'::geometry, '309'::double precision))
         Filter: st_dwithin(geom, '0101000020110F000000000000000000000000000000000000'::geometry, '309'::double precision)
         Rows Removed by Filter: 30
         Buffers: shared hit=169 read=30
 Planning Time: 0.098 ms
 Execution Time: 0.471 ms
(9 rows)

@ sel=0.03 mode=forced_index
SET
SET
SET
                                                            QUERY PLAN                                                            
══════════════════════════════════════════════════════════════════════════════════════════════════════════════════════════════════
 Aggregate  (cost=1029.88..1029.88 rows=1 width=8) (actual rows=1 loops=1)
   Buffers: shared hit=199
   ->  Index Scan using points_1m_geom_gix on points_1m  (cost=0.54..1028.62 rows=500 width=0) (actual rows=150 loops=1)
         Index Cond: (geom && st_expand('0101000020110F000000000000000000000000000000000000'::geometry, '309'::double precision))
         Filter: st_dwithin(geom, '0101000020110F000000000000000000000000000000000000'::geometry, '309'::double precision)
         Rows Removed by Filter: 30
         Buffers: shared hit=199
 Planning Time: 0.409 ms
 Execution Time: 0.244 ms
(9 rows)

@ sel=0.03 mode=forced_seq
SET
SET
SET
                                                              QUERY PLAN                                                               
═══════════════════════════════════════════════════════════════════════════════════════════════════════════════════════════════════════
 Finalize Aggregate  (cost=26105084.33..26105084.34 rows=1 width=8) (actual rows=1 loops=1)
   Buffers: shared hit=16143 read=25524
   ->  Gather  (cost=26105084.12..26105084.33 rows=2 width=8) (actual rows=3 loops=1)
         Workers Planned: 2
         Workers Launched: 2
         Buffers: shared hit=16143 read=25524
         ->  Partial Aggregate  (cost=26104084.12..26104084.13 rows=1 width=8) (actual rows=1 loops=3)
               Buffers: shared hit=16143 read=25524
               ->  Parallel Seq Scan on points_1m  (cost=0.00..26104083.60 rows=208 width=0) (actual rows=50 loops=3)
                     Filter: st_dwithin(geom, '0101000020110F000000000000000000000000000000000000'::geometry, '309'::double precision)
                     Rows Removed by Filter: 1666617
                     Buffers: shared hit=16143 read=25524
 Planning Time: 0.116 ms
 Execution Time: 241.154 ms
(14 rows)

@ sel=0.04 mode=planner
RESET
RESET
RESET
                                                            QUERY PLAN                                                            
══════════════════════════════════════════════════════════════════════════════════════════════════════════════════════════════════
 Aggregate  (cost=1360.22..1360.23 rows=1 width=8) (actual rows=1 loops=1)
   Buffers: shared hit=218 read=47
   ->  Index Scan using points_1m_geom_gix on points_1m  (cost=0.54..1358.97 rows=500 width=0) (actual rows=193 loops=1)
         Index Cond: (geom && st_expand('0101000020110F000000000000000000000000000000000000'::geometry, '357'::double precision))
         Filter: st_dwithin(geom, '0101000020110F000000000000000000000000000000000000'::geometry, '357'::double precision)
         Rows Removed by Filter: 51
         Buffers: shared hit=218 read=47
 Planning Time: 0.101 ms
 Execution Time: 0.583 ms
(9 rows)

@ sel=0.04 mode=forced_index
SET
SET
SET
                                                            QUERY PLAN                                                            
══════════════════════════════════════════════════════════════════════════════════════════════════════════════════════════════════
 Aggregate  (cost=1360.22..1360.23 rows=1 width=8) (actual rows=1 loops=1)
   Buffers: shared hit=265
   ->  Index Scan using points_1m_geom_gix on points_1m  (cost=0.54..1358.97 rows=500 width=0) (actual rows=193 loops=1)
         Index Cond: (geom && st_expand('0101000020110F000000000000000000000000000000000000'::geometry, '357'::double precision))
         Filter: st_dwithin(geom, '0101000020110F000000000000000000000000000000000000'::geometry, '357'::double precision)
         Rows Removed by Filter: 51
         Buffers: shared hit=265
 Planning Time: 0.070 ms
 Execution Time: 0.346 ms
(9 rows)

@ sel=0.04 mode=forced_seq
SET
SET
SET
                                                              QUERY PLAN                                                               
═══════════════════════════════════════════════════════════════════════════════════════════════════════════════════════════════════════
 Finalize Aggregate  (cost=26105084.33..26105084.34 rows=1 width=8) (actual rows=1 loops=1)
   Buffers: shared hit=16162 read=25505
   ->  Gather  (cost=26105084.12..26105084.33 rows=2 width=8) (actual rows=3 loops=1)
         Workers Planned: 2
         Workers Launched: 2
         Buffers: shared hit=16162 read=25505
         ->  Partial Aggregate  (cost=26104084.12..26104084.13 rows=1 width=8) (actual rows=1 loops=3)
               Buffers: shared hit=16162 read=25505
               ->  Parallel Seq Scan on points_1m  (cost=0.00..26104083.60 rows=208 width=0) (actual rows=64 loops=3)
                     Filter: st_dwithin(geom, '0101000020110F000000000000000000000000000000000000'::geometry, '357'::double precision)
                     Rows Removed by Filter: 1666602
                     Buffers: shared hit=16162 read=25505
 Planning Time: 0.131 ms
 Execution Time: 235.973 ms
(14 rows)

@ sel=0.05 mode=planner
RESET
RESET
RESET
                                                                     QUERY PLAN                                                                      
═════════════════════════════════════════════════════════════════════════════════════════════════════════════════════════════════════════════════════
 Finalize Aggregate  (cost=21191.36..21191.37 rows=1 width=8) (actual rows=1 loops=1)
   Buffers: shared hit=1244 read=1808
   ->  Gather  (cost=21191.25..21191.36 rows=1 width=8) (actual rows=2 loops=1)
         Workers Planned: 1
         Workers Launched: 1
         Buffers: shared hit=1244 read=1808
         ->  Partial Aggregate  (cost=20191.25..20191.26 rows=1 width=8) (actual rows=1 loops=2)
               Buffers: shared hit=1244 read=1808
               ->  Parallel Bitmap Heap Scan on points_1m  (cost=54.84..20190.51 rows=294 width=0) (actual rows=1214 loops=2)
                     Filter: st_dwithin(geom, '0101000020110F000000000000000000000000000000000000'::geometry, '1262'::double precision)
                     Rows Removed by Filter: 342
                     Heap Blocks: exact=3000
                     Buffers: shared hit=1244 read=1808
                     ->  Bitmap Index Scan on points_1m_geom_gix  (cost=0.00..54.71 rows=1890 width=0) (actual rows=3111 loops=1)
                           Index Cond: (geom && st_expand('0101000020110F000000000000000000000000000000000000'::geometry, '1262'::double precision))
                           Buffers: shared hit=21 read=31
 Planning Time: 0.104 ms
 Execution Time: 12.179 ms
(18 rows)

@ sel=0.05 mode=forced_index
SET
SET
SET
                                                            QUERY PLAN                                                             
═══════════════════════════════════════════════════════════════════════════════════════════════════════════════════════════════════
 Aggregate  (cost=31095.86..31095.87 rows=1 width=8) (actual rows=1 loops=1)
   Buffers: shared hit=3163
   ->  Index Scan using points_1m_geom_gix on points_1m  (cost=0.54..31094.61 rows=500 width=0) (actual rows=2428 loops=1)
         Index Cond: (geom && st_expand('0101000020110F000000000000000000000000000000000000'::geometry, '1262'::double precision))
         Filter: st_dwithin(geom, '0101000020110F000000000000000000000000000000000000'::geometry, '1262'::double precision)
         Rows Removed by Filter: 683
         Buffers: shared hit=3163
 Planning Time: 0.091 ms
 Execution Time: 2.035 ms
(9 rows)

@ sel=0.05 mode=forced_seq
SET
SET
SET
                                                               QUERY PLAN                                                               
════════════════════════════════════════════════════════════════════════════════════════════════════════════════════════════════════════
 Finalize Aggregate  (cost=26105084.33..26105084.34 rows=1 width=8) (actual rows=1 loops=1)
   Buffers: shared hit=16136 read=25531
   ->  Gather  (cost=26105084.12..26105084.33 rows=2 width=8) (actual rows=3 loops=1)
         Workers Planned: 2
         Workers Launched: 2
         Buffers: shared hit=16136 read=25531
         ->  Partial Aggregate  (cost=26104084.12..26104084.13 rows=1 width=8) (actual rows=1 loops=3)
               Buffers: shared hit=16136 read=25531
               ->  Parallel Seq Scan on points_1m  (cost=0.00..26104083.60 rows=208 width=0) (actual rows=809 loops=3)
                     Filter: st_dwithin(geom, '0101000020110F000000000000000000000000000000000000'::geometry, '1262'::double precision)
                     Rows Removed by Filter: 1665857
                     Buffers: shared hit=16136 read=25531
 Planning Time: 0.068 ms
 Execution Time: 240.619 ms
(14 rows)

@ sel=0.10 mode=planner
RESET
RESET
RESET
                                                                     QUERY PLAN                                                                      
═════════════════════════════════════════════════════════════════════════════════════════════════════════════════════════════════════════════════════
 Finalize Aggregate  (cost=37840.13..37840.14 rows=1 width=8) (actual rows=1 loops=1)
   Buffers: shared hit=3842 read=2018
   ->  Gather  (cost=37839.91..37840.12 rows=2 width=8) (actual rows=3 loops=1)
         Workers Planned: 2
         Workers Launched: 2
         Buffers: shared hit=3842 read=2018
         ->  Partial Aggregate  (cost=36839.91..36839.92 rows=1 width=8) (actual rows=1 loops=3)
               Buffers: shared hit=3842 read=2018
               ->  Parallel Bitmap Heap Scan on points_1m  (cost=126.69..36839.39 rows=208 width=0) (actual rows=1631 loops=3)
                     Filter: st_dwithin(geom, '0101000020110F000000000000000000000000000000000000'::geometry, '1784'::double precision)
                     Rows Removed by Filter: 446
                     Heap Blocks: exact=5786
                     Buffers: shared hit=3842 read=2018
                     ->  Bitmap Index Scan on points_1m_geom_gix  (cost=0.00..126.57 rows=4537 width=0) (actual rows=6229 loops=1)
                           Index Cond: (geom && st_expand('0101000020110F000000000000000000000000000000000000'::geometry, '1784'::double precision))
                           Buffers: shared hit=52 read=22
 Planning Time: 0.092 ms
 Execution Time: 13.628 ms
(18 rows)

@ sel=0.10 mode=forced_index
SET
SET
SET
                                                            QUERY PLAN                                                             
═══════════════════════════════════════════════════════════════════════════════════════════════════════════════════════════════════
 Aggregate  (cost=74097.69..74097.70 rows=1 width=8) (actual rows=1 loops=1)
   Buffers: shared hit=6303
   ->  Index Scan using points_1m_geom_gix on points_1m  (cost=0.54..74096.44 rows=500 width=0) (actual rows=4892 loops=1)
         Index Cond: (geom && st_expand('0101000020110F000000000000000000000000000000000000'::geometry, '1784'::double precision))
         Filter: st_dwithin(geom, '0101000020110F000000000000000000000000000000000000'::geometry, '1784'::double precision)
         Rows Removed by Filter: 1337
         Buffers: shared hit=6303
 Planning Time: 0.094 ms
 Execution Time: 5.079 ms
(9 rows)

@ sel=0.10 mode=forced_seq
SET
SET
SET
                                                               QUERY PLAN                                                               
════════════════════════════════════════════════════════════════════════════════════════════════════════════════════════════════════════
 Finalize Aggregate  (cost=26105084.33..26105084.34 rows=1 width=8) (actual rows=1 loops=1)
   Buffers: shared hit=16120 read=25547
   ->  Gather  (cost=26105084.12..26105084.33 rows=2 width=8) (actual rows=3 loops=1)
         Workers Planned: 2
         Workers Launched: 2
         Buffers: shared hit=16120 read=25547
         ->  Partial Aggregate  (cost=26104084.12..26104084.13 rows=1 width=8) (actual rows=1 loops=3)
               Buffers: shared hit=16120 read=25547
               ->  Parallel Seq Scan on points_1m  (cost=0.00..26104083.60 rows=208 width=0) (actual rows=1631 loops=3)
                     Filter: st_dwithin(geom, '0101000020110F000000000000000000000000000000000000'::geometry, '1784'::double precision)
                     Rows Removed by Filter: 1665036
                     Buffers: shared hit=16120 read=25547
 Planning Time: 0.422 ms
 Execution Time: 255.915 ms
(14 rows)

@ sel=0.20 mode=planner
RESET
RESET
RESET
                                                                     QUERY PLAN                                                                      
═════════════════════════════════════════════════════════════════════════════════════════════════════════════════════════════════════════════════════
 Finalize Aggregate  (cost=75495.12..75495.13 rows=1 width=8) (actual rows=1 loops=1)
   Buffers: shared hit=6725 read=4228
   ->  Gather  (cost=75494.90..75495.11 rows=2 width=8) (actual rows=3 loops=1)
         Workers Planned: 2
         Workers Launched: 2
         Buffers: shared hit=6725 read=4228
         ->  Partial Aggregate  (cost=74494.90..74494.91 rows=1 width=8) (actual rows=1 loops=3)
               Buffers: shared hit=6725 read=4228
               ->  Parallel Bitmap Heap Scan on points_1m  (cost=274.31..74494.38 rows=208 width=0) (actual rows=3297 loops=3)
                     Filter: st_dwithin(geom, '0101000020110F000000000000000000000000000000000000'::geometry, '2523'::double precision)
                     Rows Removed by Filter: 878
                     Heap Blocks: exact=7996
                     Buffers: shared hit=6725 read=4228
                     ->  Bitmap Index Scan on points_1m_geom_gix  (cost=0.00..274.18 rows=9819 width=0) (actual rows=12524 loops=1)
                           Index Cond: (geom && st_expand('0101000020110F000000000000000000000000000000000000'::geometry, '2523'::double precision))
                           Buffers: shared hit=74 read=40
 Planning Time: 0.102 ms
 Execution Time: 18.268 ms
(18 rows)

@ sel=0.20 mode=forced_index
SET
SET
SET
                                                            QUERY PLAN                                                             
═══════════════════════════════════════════════════════════════════════════════════════════════════════════════════════════════════
 Aggregate  (cost=158251.12..158251.13 rows=1 width=8) (actual rows=1 loops=1)
   Buffers: shared hit=12638
   ->  Index Scan using points_1m_geom_gix on points_1m  (cost=0.54..158249.87 rows=500 width=0) (actual rows=9891 loops=1)
         Index Cond: (geom && st_expand('0101000020110F000000000000000000000000000000000000'::geometry, '2523'::double precision))
         Filter: st_dwithin(geom, '0101000020110F000000000000000000000000000000000000'::geometry, '2523'::double precision)
         Rows Removed by Filter: 2633
         Buffers: shared hit=12638
 Planning Time: 0.084 ms
 Execution Time: 6.430 ms
(9 rows)

@ sel=0.20 mode=forced_seq
SET
SET
SET
                                                               QUERY PLAN                                                               
════════════════════════════════════════════════════════════════════════════════════════════════════════════════════════════════════════
 Finalize Aggregate  (cost=26105084.33..26105084.34 rows=1 width=8) (actual rows=1 loops=1)
   Buffers: shared hit=16083 read=25584
   ->  Gather  (cost=26105084.12..26105084.33 rows=2 width=8) (actual rows=3 loops=1)
         Workers Planned: 2
         Workers Launched: 2
         Buffers: shared hit=16083 read=25584
         ->  Partial Aggregate  (cost=26104084.12..26104084.13 rows=1 width=8) (actual rows=1 loops=3)
               Buffers: shared hit=16083 read=25584
               ->  Parallel Seq Scan on points_1m  (cost=0.00..26104083.60 rows=208 width=0) (actual rows=3297 loops=3)
                     Filter: st_dwithin(geom, '0101000020110F000000000000000000000000000000000000'::geometry, '2523'::double precision)
                     Rows Removed by Filter: 1663370
                     Buffers: shared hit=16083 read=25584
 Planning Time: 0.068 ms
 Execution Time: 240.657 ms
(14 rows)

@ sel=0.50 mode=planner
RESET
RESET
RESET
                                                                     QUERY PLAN                                                                      
═════════════════════════════════════════════════════════════════════════════════════════════════════════════════════════════════════════════════════
 Finalize Aggregate  (cost=190267.70..190267.71 rows=1 width=8) (actual rows=1 loops=1)
   Buffers: shared hit=8211 read=14173
   ->  Gather  (cost=190267.49..190267.70 rows=2 width=8) (actual rows=3 loops=1)
         Workers Planned: 2
         Workers Launched: 2
         Buffers: shared hit=8211 read=14173
         ->  Partial Aggregate  (cost=189267.49..189267.50 rows=1 width=8) (actual rows=1 loops=3)
               Buffers: shared hit=8211 read=14173
               ->  Parallel Bitmap Heap Scan on points_1m  (cost=795.01..189266.97 rows=208 width=0) (actual rows=8211 loops=3)
                     Filter: st_dwithin(geom, '0101000020110F000000000000000000000000000000000000'::geometry, '3989'::double precision)
                     Rows Removed by Filter: 2324
                     Heap Blocks: exact=10809
                     Buffers: shared hit=8211 read=14173
                     ->  Bitmap Index Scan on points_1m_geom_gix  (cost=0.00..794.89 rows=28580 width=0) (actual rows=31603 loops=1)
                           Index Cond: (geom && st_expand('0101000020110F000000000000000000000000000000000000'::geometry, '3989'::double precision))
                           Buffers: shared hit=114 read=90
 Planning Time: 0.090 ms
 Execution Time: 37.431 ms
(18 rows)

@ sel=0.50 mode=forced_index
SET
SET
SET
                                                            QUERY PLAN                                                             
═══════════════════════════════════════════════════════════════════════════════════════════════════════════════════════════════════
 Aggregate  (cost=443459.94..443459.95 rows=1 width=8) (actual rows=1 loops=1)
   Buffers: shared hit=17691 read=14116
   ->  Index Scan using points_1m_geom_gix on points_1m  (cost=0.54..443458.69 rows=500 width=0) (actual rows=24632 loops=1)
         Index Cond: (geom && st_expand('0101000020110F000000000000000000000000000000000000'::geometry, '3989'::double precision))
         Filter: st_dwithin(geom, '0101000020110F000000000000000000000000000000000000'::geometry, '3989'::double precision)
         Rows Removed by Filter: 6971
         Buffers: shared hit=17691 read=14116
 Planning Time: 0.083 ms
 Execution Time: 44.253 ms
(9 rows)

@ sel=0.50 mode=forced_seq
SET
SET
SET
                                                               QUERY PLAN                                                               
════════════════════════════════════════════════════════════════════════════════════════════════════════════════════════════════════════
 Finalize Aggregate  (cost=26105084.33..26105084.34 rows=1 width=8) (actual rows=1 loops=1)
   Buffers: shared hit=16075 read=25592
   ->  Gather  (cost=26105084.12..26105084.33 rows=2 width=8) (actual rows=3 loops=1)
         Workers Planned: 2
         Workers Launched: 2
         Buffers: shared hit=16075 read=25592
         ->  Partial Aggregate  (cost=26104084.12..26104084.13 rows=1 width=8) (actual rows=1 loops=3)
               Buffers: shared hit=16075 read=25592
               ->  Parallel Seq Scan on points_1m  (cost=0.00..26104083.60 rows=208 width=0) (actual rows=8211 loops=3)
                     Filter: st_dwithin(geom, '0101000020110F000000000000000000000000000000000000'::geometry, '3989'::double precision)
                     Rows Removed by Filter: 1658456
                     Buffers: shared hit=16075 read=25592
 Planning Time: 0.096 ms
 Execution Time: 260.949 ms
(14 rows)

@ sel=1.00 mode=planner
RESET
RESET
RESET
                                                                     QUERY PLAN                                                                      
═════════════════════════════════════════════════════════════════════════════════════════════════════════════════════════════════════════════════════
 Finalize Aggregate  (cost=359026.75..359026.76 rows=1 width=8) (actual rows=1 loops=1)
   Buffers: shared hit=5211 read=27889
   ->  Gather  (cost=359026.53..359026.74 rows=2 width=8) (actual rows=3 loops=1)
         Workers Planned: 2
         Workers Launched: 2
         Buffers: shared hit=5211 read=27889
         ->  Partial Aggregate  (cost=358026.53..358026.54 rows=1 width=8) (actual rows=1 loops=3)
               Buffers: shared hit=5211 read=27889
               ->  Parallel Bitmap Heap Scan on points_1m  (cost=1666.42..358026.01 rows=208 width=0) (actual rows=16565 loops=3)
                     Filter: st_dwithin(geom, '0101000020110F000000000000000000000000000000000000'::geometry, '5642'::double precision)
                     Rows Removed by Filter: 4573
                     Heap Blocks: exact=13460
                     Buffers: shared hit=5211 read=27889
                     ->  Bitmap Index Scan on points_1m_geom_gix  (cost=0.00..1666.29 rows=59967 width=0) (actual rows=63414 loops=1)
                           Index Cond: (geom && st_expand('0101000020110F000000000000000000000000000000000000'::geometry, '5642'::double precision))
                           Buffers: shared hit=68 read=325
 Planning Time: 0.096 ms
 Execution Time: 63.635 ms
(18 rows)

@ sel=1.00 mode=forced_index
SET
SET
SET
                                                            QUERY PLAN                                                             
═══════════════════════════════════════════════════════════════════════════════════════════════════════════════════════════════════
 Aggregate  (cost=891346.71..891346.72 rows=1 width=8) (actual rows=1 loops=1)
   Buffers: shared hit=25967 read=37839
   ->  Index Scan using points_1m_geom_gix on points_1m  (cost=0.54..891345.46 rows=500 width=0) (actual rows=49696 loops=1)
         Index Cond: (geom && st_expand('0101000020110F000000000000000000000000000000000000'::geometry, '5642'::double precision))
         Filter: st_dwithin(geom, '0101000020110F000000000000000000000000000000000000'::geometry, '5642'::double precision)
         Rows Removed by Filter: 13718
         Buffers: shared hit=25967 read=37839
 Planning Time: 0.156 ms
 Execution Time: 96.373 ms
(9 rows)

@ sel=1.00 mode=forced_seq
SET
SET
SET
                                                               QUERY PLAN                                                               
════════════════════════════════════════════════════════════════════════════════════════════════════════════════════════════════════════
 Finalize Aggregate  (cost=26105084.33..26105084.34 rows=1 width=8) (actual rows=1 loops=1)
   Buffers: shared hit=16088 read=25579
   ->  Gather  (cost=26105084.12..26105084.33 rows=2 width=8) (actual rows=3 loops=1)
         Workers Planned: 2
         Workers Launched: 2
         Buffers: shared hit=16088 read=25579
         ->  Partial Aggregate  (cost=26104084.12..26104084.13 rows=1 width=8) (actual rows=1 loops=3)
               Buffers: shared hit=16088 read=25579
               ->  Parallel Seq Scan on points_1m  (cost=0.00..26104083.60 rows=208 width=0) (actual rows=16565 loops=3)
                     Filter: st_dwithin(geom, '0101000020110F000000000000000000000000000000000000'::geometry, '5642'::double precision)
                     Rows Removed by Filter: 1650101
                     Buffers: shared hit=16088 read=25579
 Planning Time: 0.097 ms
 Execution Time: 267.708 ms
(14 rows)

@ sel=2.00 mode=planner
RESET
RESET
RESET
                                                                     QUERY PLAN                                                                      
═════════════════════════════════════════════════════════════════════════════════════════════════════════════════════════════════════════════════════
 Finalize Aggregate  (cost=696585.76..696585.77 rows=1 width=8) (actual rows=1 loops=1)
   Buffers: shared hit=3638 read=36874
   ->  Gather  (cost=696585.54..696585.75 rows=2 width=8) (actual rows=3 loops=1)
         Workers Planned: 2
         Workers Launched: 2
         Buffers: shared hit=3638 read=36874
         ->  Partial Aggregate  (cost=695585.54..695585.55 rows=1 width=8) (actual rows=1 loops=3)
               Buffers: shared hit=3638 read=36874
               ->  Parallel Bitmap Heap Scan on points_1m  (cost=3460.57..695585.02 rows=208 width=0) (actual rows=33310 loops=3)
                     Filter: st_dwithin(geom, '0101000020110F000000000000000000000000000000000000'::geometry, '7979'::double precision)
                     Rows Removed by Filter: 9022
                     Heap Blocks: exact=14028
                     Buffers: shared hit=3638 read=36874
                     ->  Bitmap Index Scan on points_1m_geom_gix  (cost=0.00..3460.45 rows=124788 width=0) (actual rows=126996 loops=1)
                           Index Cond: (geom && st_expand('0101000020110F000000000000000000000000000000000000'::geometry, '7979'::double precision))
                           Buffers: shared hit=59 read=640
 Planning Time: 0.109 ms
 Execution Time: 83.013 ms
(18 rows)

@ sel=2.00 mode=forced_index
SET
SET
SET
                                                            QUERY PLAN                                                             
═══════════════════════════════════════════════════════════════════════════════════════════════════════════════════════════════════
 Aggregate  (cost=1731227.58..1731227.59 rows=1 width=8) (actual rows=1 loops=1)
   Buffers: shared hit=49639 read=78055
   ->  Index Scan using points_1m_geom_gix on points_1m  (cost=0.54..1731226.33 rows=500 width=0) (actual rows=99930 loops=1)
         Index Cond: (geom && st_expand('0101000020110F000000000000000000000000000000000000'::geometry, '7979'::double precision))
         Filter: st_dwithin(geom, '0101000020110F000000000000000000000000000000000000'::geometry, '7979'::double precision)
         Rows Removed by Filter: 27066
         Buffers: shared hit=49639 read=78055
 Planning Time: 0.096 ms
 Execution Time: 204.026 ms
(9 rows)

@ sel=2.00 mode=forced_seq
SET
SET
SET
                                                               QUERY PLAN                                                               
════════════════════════════════════════════════════════════════════════════════════════════════════════════════════════════════════════
 Finalize Aggregate  (cost=26105084.33..26105084.34 rows=1 width=8) (actual rows=1 loops=1)
   Buffers: shared hit=16100 read=25567
   ->  Gather  (cost=26105084.12..26105084.33 rows=2 width=8) (actual rows=3 loops=1)
         Workers Planned: 2
         Workers Launched: 2
         Buffers: shared hit=16100 read=25567
         ->  Partial Aggregate  (cost=26104084.12..26104084.13 rows=1 width=8) (actual rows=1 loops=3)
               Buffers: shared hit=16100 read=25567
               ->  Parallel Seq Scan on points_1m  (cost=0.00..26104083.60 rows=208 width=0) (actual rows=33310 loops=3)
                     Filter: st_dwithin(geom, '0101000020110F000000000000000000000000000000000000'::geometry, '7979'::double precision)
                     Rows Removed by Filter: 1633357
                     Buffers: shared hit=16100 read=25567
 Planning Time: 0.124 ms
 Execution Time: 244.794 ms
(14 rows)

@ sel=5.00 mode=planner
RESET
RESET
RESET
                                                                      QUERY PLAN                                                                      
══════════════════════════════════════════════════════════════════════════════════════════════════════════════════════════════════════════════════════
 Finalize Aggregate  (cost=1693575.30..1693575.31 rows=1 width=8) (actual rows=1 loops=1)
   Buffers: shared hit=3033 read=40363
   ->  Gather  (cost=1693575.08..1693575.29 rows=2 width=8) (actual rows=3 loops=1)
         Workers Planned: 2
         Workers Launched: 2
         Buffers: shared hit=3033 read=40363
         ->  Partial Aggregate  (cost=1692575.08..1692575.09 rows=1 width=8) (actual rows=1 loops=3)
               Buffers: shared hit=3033 read=40363
               ->  Parallel Bitmap Heap Scan on points_1m  (cost=8735.50..1692574.56 rows=208 width=0) (actual rows=83060 loops=3)
                     Filter: st_dwithin(geom, '0101000020110F000000000000000000000000000000000000'::geometry, '12616'::double precision)
                     Rows Removed by Filter: 22836
                     Heap Blocks: exact=14427
                     Buffers: shared hit=3033 read=40363
                     ->  Bitmap Index Scan on points_1m_geom_gix  (cost=0.00..8735.38 rows=315045 width=0) (actual rows=317688 loops=1)
                           Index Cond: (geom && st_expand('0101000020110F000000000000000000000000000000000000'::geometry, '12616'::double precision))
                           Buffers: shared hit=48 read=1697
 Planning Time: 0.107 ms
 Execution Time: 99.815 ms
(18 rows)

@ sel=5.00 mode=forced_index
SET
SET
SET
                                                             QUERY PLAN                                                             
════════════════════════════════════════════════════════════════════════════════════════════════════════════════════════════════════
 Aggregate  (cost=4116617.58..4116617.59 rows=1 width=8) (actual rows=1 loops=1)
   Buffers: shared hit=122993 read=196435
   ->  Index Scan using points_1m_geom_gix on points_1m  (cost=0.54..4116616.33 rows=500 width=0) (actual rows=249179 loops=1)
         Index Cond: (geom && st_expand('0101000020110F000000000000000000000000000000000000'::geometry, '12616'::double precision))
         Filter: st_dwithin(geom, '0101000020110F000000000000000000000000000000000000'::geometry, '12616'::double precision)
         Rows Removed by Filter: 68509
         Buffers: shared hit=122993 read=196435
 Planning Time: 0.092 ms
 Execution Time: 622.749 ms
(9 rows)

@ sel=5.00 mode=forced_seq
SET
SET
SET
                                                               QUERY PLAN                                                                
═════════════════════════════════════════════════════════════════════════════════════════════════════════════════════════════════════════
 Finalize Aggregate  (cost=26105084.33..26105084.34 rows=1 width=8) (actual rows=1 loops=1)
   Buffers: shared hit=16086 read=25581
   ->  Gather  (cost=26105084.12..26105084.33 rows=2 width=8) (actual rows=3 loops=1)
         Workers Planned: 2
         Workers Launched: 2
         Buffers: shared hit=16086 read=25581
         ->  Partial Aggregate  (cost=26104084.12..26104084.13 rows=1 width=8) (actual rows=1 loops=3)
               Buffers: shared hit=16086 read=25581
               ->  Parallel Seq Scan on points_1m  (cost=0.00..26104083.60 rows=208 width=0) (actual rows=83060 loops=3)
                     Filter: st_dwithin(geom, '0101000020110F000000000000000000000000000000000000'::geometry, '12616'::double precision)
                     Rows Removed by Filter: 1583607
                     Buffers: shared hit=16086 read=25581
 Planning Time: 0.097 ms
 Execution Time: 268.685 ms
(14 rows)

@ sel=10.00 mode=planner
RESET
RESET
RESET
                                                                      QUERY PLAN                                                                      
══════════════════════════════════════════════════════════════════════════════════════════════════════════════════════════════════════════════════════
 Finalize Aggregate  (cost=3389649.38..3389649.39 rows=1 width=8) (actual rows=1 loops=1)
   Buffers: shared hit=2259 read=42806
   ->  Gather  (cost=3389649.17..3389649.38 rows=2 width=8) (actual rows=3 loops=1)
         Workers Planned: 2
         Workers Launched: 2
         Buffers: shared hit=2259 read=42806
         ->  Partial Aggregate  (cost=3388649.17..3388649.17 rows=1 width=8) (actual rows=1 loops=3)
               Buffers: shared hit=2259 read=42806
               ->  Parallel Bitmap Heap Scan on points_1m  (cost=17710.98..3388648.65 rows=208 width=0) (actual rows=166555 loops=3)
                     Filter: st_dwithin(geom, '0101000020110F000000000000000000000000000000000000'::geometry, '17841'::double precision)
                     Rows Removed by Filter: 45686
                     Heap Blocks: exact=14288
                     Buffers: shared hit=2259 read=42806
                     ->  Bitmap Index Scan on points_1m_geom_gix  (cost=0.00..17710.86 rows=638709 width=0) (actual rows=636723 loops=1)
                           Index Cond: (geom && st_expand('0101000020110F000000000000000000000000000000000000'::geometry, '17841'::double precision))
                           Buffers: shared hit=59 read=3339
 Planning Time: 0.105 ms
 Execution Time: 137.298 ms
(18 rows)

@ sel=10.00 mode=forced_index
SET
SET
SET
                                                             QUERY PLAN                                                             
════════════════════════════════════════════════════════════════════════════════════════════════════════════════════════════════════
 Aggregate  (cost=8174629.70..8174629.71 rows=1 width=8) (actual rows=1 loops=1)
   Buffers: shared hit=247246 read=392863
   ->  Index Scan using points_1m_geom_gix on points_1m  (cost=0.54..8174628.45 rows=500 width=0) (actual rows=499666 loops=1)
         Index Cond: (geom && st_expand('0101000020110F000000000000000000000000000000000000'::geometry, '17841'::double precision))
         Filter: st_dwithin(geom, '0101000020110F000000000000000000000000000000000000'::geometry, '17841'::double precision)
         Rows Removed by Filter: 137057
         Buffers: shared hit=247246 read=392863
 Planning Time: 0.249 ms
 Execution Time: 1255.332 ms
(9 rows)

@ sel=10.00 mode=forced_seq
SET
SET
SET
                                                               QUERY PLAN                                                                
═════════════════════════════════════════════════════════════════════════════════════════════════════════════════════════════════════════
 Finalize Aggregate  (cost=26105084.33..26105084.34 rows=1 width=8) (actual rows=1 loops=1)
   Buffers: shared hit=16105 read=25562
   ->  Gather  (cost=26105084.12..26105084.33 rows=2 width=8) (actual rows=3 loops=1)
         Workers Planned: 2
         Workers Launched: 2
         Buffers: shared hit=16105 read=25562
         ->  Partial Aggregate  (cost=26104084.12..26104084.13 rows=1 width=8) (actual rows=1 loops=3)
               Buffers: shared hit=16105 read=25562
               ->  Parallel Seq Scan on points_1m  (cost=0.00..26104083.60 rows=208 width=0) (actual rows=166555 loops=3)
                     Filter: st_dwithin(geom, '0101000020110F000000000000000000000000000000000000'::geometry, '17841'::double precision)
                     Rows Removed by Filter: 1500111
                     Buffers: shared hit=16105 read=25562
 Planning Time: 0.103 ms
 Execution Time: 265.662 ms
(14 rows)

@ sel=20.00 mode=planner
RESET
RESET
RESET
                                                                      QUERY PLAN                                                                      
══════════════════════════════════════════════════════════════════════════════════════════════════════════════════════════════════════════════════════
 Finalize Aggregate  (cost=6666275.86..6666275.87 rows=1 width=8) (actual rows=1 loops=1)
   Buffers: shared hit=1234 read=47098
   ->  Gather  (cost=6666275.64..6666275.85 rows=2 width=8) (actual rows=3 loops=1)
         Workers Planned: 2
         Workers Launched: 2
         Buffers: shared hit=1234 read=47098
         ->  Partial Aggregate  (cost=6665275.64..6665275.65 rows=1 width=8) (actual rows=1 loops=3)
               Buffers: shared hit=1234 read=47098
               ->  Parallel Bitmap Heap Scan on points_1m  (cost=35044.61..6665275.12 rows=208 width=0) (actual rows=333352 loops=3)
                     Filter: st_dwithin(geom, '0101000020110F000000000000000000000000000000000000'::geometry, '25231'::double precision)
                     Rows Removed by Filter: 90633
                     Heap Blocks: exact=14275
                     Buffers: shared hit=1234 read=47098
                     ->  Bitmap Index Scan on points_1m_geom_gix  (cost=0.00..35044.49 rows=1263993 width=0) (actual rows=1271955 loops=1)
                           Index Cond: (geom && st_expand('0101000020110F000000000000000000000000000000000000'::geometry, '25231'::double precision))
                           Buffers: shared hit=45 read=6620
 Planning Time: 0.102 ms
 Execution Time: 199.896 ms
(18 rows)

@ sel=20.00 mode=forced_index
SET
SET
SET
                                                             QUERY PLAN                                                             
════════════════════════════════════════════════════════════════════════════════════════════════════════════════════════════════════
 Aggregate  (cost=16014266.17..16014266.18 rows=1 width=8) (actual rows=1 loops=1)
   Buffers: shared hit=493204 read=785385
   ->  Index Scan using points_1m_geom_gix on points_1m  (cost=0.54..16014264.92 rows=500 width=0) (actual rows=1000055 loops=1)
         Index Cond: (geom && st_expand('0101000020110F000000000000000000000000000000000000'::geometry, '25231'::double precision))
         Filter: st_dwithin(geom, '0101000020110F000000000000000000000000000000000000'::geometry, '25231'::double precision)
         Rows Removed by Filter: 271900
         Buffers: shared hit=493204 read=785385
 Planning Time: 0.101 ms
 Execution Time: 2042.820 ms
(9 rows)

@ sel=20.00 mode=forced_seq
SET
SET
SET
                                                               QUERY PLAN                                                                
═════════════════════════════════════════════════════════════════════════════════════════════════════════════════════════════════════════
 Finalize Aggregate  (cost=26105084.33..26105084.34 rows=1 width=8) (actual rows=1 loops=1)
   Buffers: shared hit=16104 read=25563
   ->  Gather  (cost=26105084.12..26105084.33 rows=2 width=8) (actual rows=3 loops=1)
         Workers Planned: 2
         Workers Launched: 2
         Buffers: shared hit=16104 read=25563
         ->  Partial Aggregate  (cost=26104084.12..26104084.13 rows=1 width=8) (actual rows=1 loops=3)
               Buffers: shared hit=16104 read=25563
               ->  Parallel Seq Scan on points_1m  (cost=0.00..26104083.60 rows=208 width=0) (actual rows=333352 loops=3)
                     Filter: st_dwithin(geom, '0101000020110F000000000000000000000000000000000000'::geometry, '25231'::double precision)
                     Rows Removed by Filter: 1333315
                     Buffers: shared hit=16104 read=25563
 Planning Time: 0.107 ms
 Execution Time: 275.387 ms
(14 rows)

@ sel=25.00 mode=planner
RESET
RESET
RESET
                                                                      QUERY PLAN                                                                      
══════════════════════════════════════════════════════════════════════════════════════════════════════════════════════════════════════════════════════
 Finalize Aggregate  (cost=8329497.76..8329497.77 rows=1 width=8) (actual rows=1 loops=1)
   Buffers: shared hit=867 read=49092
   ->  Gather  (cost=8329497.54..8329497.75 rows=2 width=8) (actual rows=3 loops=1)
         Workers Planned: 2
         Workers Launched: 2
         Buffers: shared hit=867 read=49092
         ->  Partial Aggregate  (cost=8328497.54..8328497.55 rows=1 width=8) (actual rows=1 loops=3)
               Buffers: shared hit=867 read=49092
               ->  Parallel Bitmap Heap Scan on points_1m  (cost=43845.07..8328497.03 rows=208 width=0) (actual rows=416387 loops=3)
                     Filter: st_dwithin(geom, '0101000020110F000000000000000000000000000000000000'::geometry, '28209'::double precision)
                     Rows Removed by Filter: 113579
                     Heap Blocks: exact=14185
                     Buffers: shared hit=867 read=49092
                     ->  Bitmap Index Scan on points_1m_geom_gix  (cost=0.00..43844.95 rows=1581388 width=0) (actual rows=1589898 loops=1)
                           Index Cond: (geom && st_expand('0101000020110F000000000000000000000000000000000000'::geometry, '28209'::double precision))
                           Buffers: shared hit=34 read=8258
 Planning Time: 0.120 ms
 Execution Time: 255.103 ms
(18 rows)

@ sel=25.00 mode=forced_index
SET
SET
SET
                                                             QUERY PLAN                                                             
════════════════════════════════════════════════════════════════════════════════════════════════════════════════════════════════════
 Aggregate  (cost=19993678.08..19993678.09 rows=1 width=8) (actual rows=1 loops=1)
   Buffers: shared hit=617385 read=980763
   ->  Index Scan using points_1m_geom_gix on points_1m  (cost=0.54..19993676.83 rows=500 width=0) (actual rows=1249160 loops=1)
         Index Cond: (geom && st_expand('0101000020110F000000000000000000000000000000000000'::geometry, '28209'::double precision))
         Filter: st_dwithin(geom, '0101000020110F000000000000000000000000000000000000'::geometry, '28209'::double precision)
         Rows Removed by Filter: 340738
         Buffers: shared hit=617385 read=980763
 Planning Time: 0.112 ms
 Execution Time: 2813.374 ms
(9 rows)

@ sel=25.00 mode=forced_seq
SET
SET
SET
                                                               QUERY PLAN                                                                
═════════════════════════════════════════════════════════════════════════════════════════════════════════════════════════════════════════
 Finalize Aggregate  (cost=26105084.33..26105084.34 rows=1 width=8) (actual rows=1 loops=1)
   Buffers: shared hit=16107 read=25560
   ->  Gather  (cost=26105084.12..26105084.33 rows=2 width=8) (actual rows=3 loops=1)
         Workers Planned: 2
         Workers Launched: 2
         Buffers: shared hit=16107 read=25560
         ->  Partial Aggregate  (cost=26104084.12..26104084.13 rows=1 width=8) (actual rows=1 loops=3)
               Buffers: shared hit=16107 read=25560
               ->  Parallel Seq Scan on points_1m  (cost=0.00..26104083.60 rows=208 width=0) (actual rows=416387 loops=3)
                     Filter: st_dwithin(geom, '0101000020110F000000000000000000000000000000000000'::geometry, '28209'::double precision)
                     Rows Removed by Filter: 1250280
                     Buffers: shared hit=16107 read=25560
 Planning Time: 0.136 ms
 Execution Time: 263.421 ms
(14 rows)

@ sel=30.00 mode=planner
RESET
RESET
RESET
                                                                      QUERY PLAN                                                                      
══════════════════════════════════════════════════════════════════════════════════════════════════════════════════════════════════════════════════════
 Finalize Aggregate  (cost=9973747.26..9973747.27 rows=1 width=8) (actual rows=1 loops=1)
   Buffers: shared hit=553 read=51046
   ->  Gather  (cost=9973747.04..9973747.25 rows=2 width=8) (actual rows=3 loops=1)
         Workers Planned: 2
         Workers Launched: 2
         Buffers: shared hit=553 read=51046
         ->  Partial Aggregate  (cost=9972747.04..9972747.05 rows=1 width=8) (actual rows=1 loops=3)
               Buffers: shared hit=553 read=51046
               ->  Parallel Bitmap Heap Scan on points_1m  (cost=52542.39..9972746.52 rows=208 width=0) (actual rows=499713 loops=3)
                     Filter: st_dwithin(geom, '0101000020110F000000000000000000000000000000000000'::geometry, '30902'::double precision)
                     Rows Removed by Filter: 136478
                     Heap Blocks: exact=14096
                     Buffers: shared hit=553 read=51046
                     ->  Bitmap Index Scan on points_1m_geom_gix  (cost=0.00..52542.26 rows=1895163 width=0) (actual rows=1908575 loops=1)
                           Index Cond: (geom && st_expand('0101000020110F000000000000000000000000000000000000'::geometry, '30902'::double precision))
                           Buffers: shared hit=36 read=9896
 Planning Time: 0.114 ms
 Execution Time: 295.446 ms
(18 rows)

@ sel=30.00 mode=forced_index
SET
SET
SET
                                                             QUERY PLAN                                                             
════════════════════════════════════════════════════════════════════════════════════════════════════════════════════════════════════
 Aggregate  (cost=23927700.64..23927700.65 rows=1 width=8) (actual rows=1 loops=1)
   Buffers: shared hit=741034 read=1177428
   ->  Index Scan using points_1m_geom_gix on points_1m  (cost=0.54..23927699.39 rows=500 width=0) (actual rows=1499140 loops=1)
         Index Cond: (geom && st_expand('0101000020110F000000000000000000000000000000000000'::geometry, '30902'::double precision))
         Filter: st_dwithin(geom, '0101000020110F000000000000000000000000000000000000'::geometry, '30902'::double precision)
         Rows Removed by Filter: 409435
         Buffers: shared hit=741034 read=1177428
 Planning Time: 0.116 ms
 Execution Time: 3319.131 ms
(9 rows)

@ sel=30.00 mode=forced_seq
SET
SET
SET
                                                               QUERY PLAN                                                                
═════════════════════════════════════════════════════════════════════════════════════════════════════════════════════════════════════════
 Finalize Aggregate  (cost=26105084.33..26105084.34 rows=1 width=8) (actual rows=1 loops=1)
   Buffers: shared hit=16108 read=25559
   ->  Gather  (cost=26105084.12..26105084.33 rows=2 width=8) (actual rows=3 loops=1)
         Workers Planned: 2
         Workers Launched: 2
         Buffers: shared hit=16108 read=25559
         ->  Partial Aggregate  (cost=26104084.12..26104084.13 rows=1 width=8) (actual rows=1 loops=3)
               Buffers: shared hit=16108 read=25559
               ->  Parallel Seq Scan on points_1m  (cost=0.00..26104083.60 rows=208 width=0) (actual rows=499713 loops=3)
                     Filter: st_dwithin(geom, '0101000020110F000000000000000000000000000000000000'::geometry, '30902'::double precision)
                     Rows Removed by Filter: 1166953
                     Buffers: shared hit=16108 read=25559
 Planning Time: 0.119 ms
 Execution Time: 266.052 ms
(14 rows)

@ sel=35.00 mode=planner
RESET
RESET
RESET
                                                                      QUERY PLAN                                                                      
══════════════════════════════════════════════════════════════════════════════════════════════════════════════════════════════════════════════════════
 Finalize Aggregate  (cost=11595992.76..11595992.77 rows=1 width=8) (actual rows=1 loops=1)
   Buffers: shared hit=302 read=52928
   ->  Gather  (cost=11595992.54..11595992.75 rows=2 width=8) (actual rows=3 loops=1)
         Workers Planned: 2
         Workers Launched: 2
         Buffers: shared hit=302 read=52928
         ->  Partial Aggregate  (cost=11594992.54..11594992.55 rows=1 width=8) (actual rows=1 loops=3)
               Buffers: shared hit=302 read=52928
               ->  Parallel Bitmap Heap Scan on points_1m  (cost=61128.20..11594992.02 rows=208 width=0) (actual rows=583286 loops=3)
                     Filter: st_dwithin(geom, '0101000020110F000000000000000000000000000000000000'::geometry, '33377'::double precision)
                     Rows Removed by Filter: 158969
                     Heap Blocks: exact=14028
                     Buffers: shared hit=302 read=52928
                     ->  Bitmap Index Scan on points_1m_geom_gix  (cost=0.00..61128.07 rows=2204738 width=0) (actual rows=2226765 loops=1)
                           Index Cond: (geom && st_expand('0101000020110F000000000000000000000000000000000000'::geometry, '33377'::double precision))
                           Buffers: shared hit=22 read=11541
 Planning Time: 0.114 ms
 Execution Time: 379.206 ms
(18 rows)

@ sel=35.00 mode=forced_index
SET
SET
SET
                                                             QUERY PLAN                                                             
════════════════════════════════════════════════════════════════════════════════════════════════════════════════════════════════════
 Aggregate  (cost=27809069.70..27809069.71 rows=1 width=8) (actual rows=1 loops=1)
   Buffers: shared hit=863937 read=1374339
   ->  Index Scan using points_1m_geom_gix on points_1m  (cost=0.54..27809068.45 rows=500 width=0) (actual rows=1749858 loops=1)
         Index Cond: (geom && st_expand('0101000020110F000000000000000000000000000000000000'::geometry, '33377'::double precision))
         Filter: st_dwithin(geom, '0101000020110F000000000000000000000000000000000000'::geometry, '33377'::double precision)
         Rows Removed by Filter: 476907
         Buffers: shared hit=863937 read=1374339
 Planning Time: 0.122 ms
 Execution Time: 3583.018 ms
(9 rows)

@ sel=35.00 mode=forced_seq
SET
SET
SET
                                                               QUERY PLAN                                                                
═════════════════════════════════════════════════════════════════════════════════════════════════════════════════════════════════════════
 Finalize Aggregate  (cost=26105084.33..26105084.34 rows=1 width=8) (actual rows=1 loops=1)
   Buffers: shared hit=16106 read=25561
   ->  Gather  (cost=26105084.12..26105084.33 rows=2 width=8) (actual rows=3 loops=1)
         Workers Planned: 2
         Workers Launched: 2
         Buffers: shared hit=16106 read=25561
         ->  Partial Aggregate  (cost=26104084.12..26104084.13 rows=1 width=8) (actual rows=1 loops=3)
               Buffers: shared hit=16106 read=25561
               ->  Parallel Seq Scan on points_1m  (cost=0.00..26104083.60 rows=208 width=0) (actual rows=583286 loops=3)
                     Filter: st_dwithin(geom, '0101000020110F000000000000000000000000000000000000'::geometry, '33377'::double precision)
                     Rows Removed by Filter: 1083381
                     Buffers: shared hit=16106 read=25561
 Planning Time: 0.116 ms
 Execution Time: 279.339 ms
(14 rows)

@ sel=40.00 mode=planner
RESET
RESET
RESET
                                                                      QUERY PLAN                                                                      
══════════════════════════════════════════════════════════════════════════════════════════════════════════════════════════════════════════════════════
 Finalize Aggregate  (cost=13244669.16..13244669.17 rows=1 width=8) (actual rows=1 loops=1)
   Buffers: shared hit=147 read=54694
   ->  Gather  (cost=13244668.94..13244669.15 rows=2 width=8) (actual rows=3 loops=1)
         Workers Planned: 2
         Workers Launched: 2
         Buffers: shared hit=147 read=54694
         ->  Partial Aggregate  (cost=13243668.94..13243668.95 rows=1 width=8) (actual rows=1 loops=3)
               Buffers: shared hit=147 read=54694
               ->  Parallel Bitmap Heap Scan on points_1m  (cost=69847.85..13243668.42 rows=208 width=0) (actual rows=666429 loops=3)
                     Filter: st_dwithin(geom, '0101000020110F000000000000000000000000000000000000'::geometry, '35682'::double precision)
                     Rows Removed by Filter: 181903
                     Heap Blocks: exact=14161
                     Buffers: shared hit=147 read=54694
                     ->  Bitmap Index Scan on points_1m_geom_gix  (cost=0.00..69847.72 rows=2519358 width=0) (actual rows=2544998 loops=1)
                           Index Cond: (geom && st_expand('0101000020110F000000000000000000000000000000000000'::geometry, '35682'::double precision))
                           Buffers: shared hit=24 read=13150
 Planning Time: 0.144 ms
 Execution Time: 366.946 ms
(18 rows)

@ sel=40.00 mode=forced_index
SET
SET
SET
                                                             QUERY PLAN                                                             
════════════════════════════════════════════════════════════════════════════════════════════════════════════════════════════════════
 Aggregate  (cost=31753685.55..31753685.56 rows=1 width=8) (actual rows=1 loops=1)
   Buffers: shared hit=988118 read=1569992
   ->  Index Scan using points_1m_geom_gix on points_1m  (cost=0.54..31753684.30 rows=500 width=0) (actual rows=1999288 loops=1)
         Index Cond: (geom && st_expand('0101000020110F000000000000000000000000000000000000'::geometry, '35682'::double precision))
         Filter: st_dwithin(geom, '0101000020110F000000000000000000000000000000000000'::geometry, '35682'::double precision)
         Rows Removed by Filter: 545710
         Buffers: shared hit=988118 read=1569992
 Planning Time: 0.129 ms
 Execution Time: 4051.214 ms
(9 rows)

@ sel=40.00 mode=forced_seq
SET
SET
SET
                                                               QUERY PLAN                                                                
═════════════════════════════════════════════════════════════════════════════════════════════════════════════════════════════════════════
 Finalize Aggregate  (cost=26105084.33..26105084.34 rows=1 width=8) (actual rows=1 loops=1)
   Buffers: shared hit=16102 read=25565
   ->  Gather  (cost=26105084.12..26105084.33 rows=2 width=8) (actual rows=3 loops=1)
         Workers Planned: 2
         Workers Launched: 2
         Buffers: shared hit=16102 read=25565
         ->  Partial Aggregate  (cost=26104084.12..26104084.13 rows=1 width=8) (actual rows=1 loops=3)
               Buffers: shared hit=16102 read=25565
               ->  Parallel Seq Scan on points_1m  (cost=0.00..26104083.60 rows=208 width=0) (actual rows=666429 loops=3)
                     Filter: st_dwithin(geom, '0101000020110F000000000000000000000000000000000000'::geometry, '35682'::double precision)
                     Rows Removed by Filter: 1000237
                     Buffers: shared hit=16102 read=25565
 Planning Time: 0.130 ms
 Execution Time: 286.214 ms
(14 rows)

@ sel=50.00 mode=planner
RESET
RESET
RESET
                                                                      QUERY PLAN                                                                      
══════════════════════════════════════════════════════════════════════════════════════════════════════════════════════════════════════════════════════
 Finalize Aggregate  (cost=16579058.48..16579058.49 rows=1 width=8) (actual rows=1 loops=1)
   Buffers: shared hit=44 read=57991
   ->  Gather  (cost=16579058.27..16579058.47 rows=2 width=8) (actual rows=3 loops=1)
         Workers Planned: 2
         Workers Launched: 2
         Buffers: shared hit=44 read=57991
         ->  Partial Aggregate  (cost=16578058.27..16578058.28 rows=1 width=8) (actual rows=1 loops=3)
               Buffers: shared hit=44 read=57991
               ->  Parallel Bitmap Heap Scan on points_1m  (cost=87492.14..16578057.75 rows=208 width=0) (actual rows=832935 loops=3)
                     Filter: st_dwithin(geom, '0101000020110F000000000000000000000000000000000000'::geometry, '39894'::double precision)
                     Rows Removed by Filter: 227788
                     Heap Blocks: exact=14136
                     Buffers: shared hit=44 read=57991
                     ->  Bitmap Index Scan on points_1m_geom_gix  (cost=0.00..87492.02 rows=3155664 width=0) (actual rows=3182169 loops=1)
                           Index Cond: (geom && st_expand('0101000020110F000000000000000000000000000000000000'::geometry, '39894'::double precision))
                           Buffers: shared hit=23 read=16345
 Planning Time: 0.134 ms
 Execution Time: 755.816 ms
(18 rows)

@ sel=50.00 mode=forced_index
SET
SET
SET
                                                             QUERY PLAN                                                             
════════════════════════════════════════════════════════════════════════════════════════════════════════════════════════════════════
 Aggregate  (cost=39731517.91..39731517.92 rows=1 width=8) (actual rows=1 loops=1)
   Buffers: shared hit=1235191 read=1963264
   ->  Index Scan using points_1m_geom_gix on points_1m  (cost=0.54..39731516.66 rows=500 width=0) (actual rows=2498804 loops=1)
         Index Cond: (geom && st_expand('0101000020110F000000000000000000000000000000000000'::geometry, '39894'::double precision))
         Filter: st_dwithin(geom, '0101000020110F000000000000000000000000000000000000'::geometry, '39894'::double precision)
         Rows Removed by Filter: 683365
         Buffers: shared hit=1235191 read=1963264
 Planning Time: 0.127 ms
 Execution Time: 5469.468 ms
(9 rows)

@ sel=50.00 mode=forced_seq
SET
SET
SET
                                                               QUERY PLAN                                                                
═════════════════════════════════════════════════════════════════════════════════════════════════════════════════════════════════════════
 Finalize Aggregate  (cost=26105084.33..26105084.34 rows=1 width=8) (actual rows=1 loops=1)
   Buffers: shared hit=16110 read=25557
   ->  Gather  (cost=26105084.12..26105084.33 rows=2 width=8) (actual rows=3 loops=1)
         Workers Planned: 2
         Workers Launched: 2
         Buffers: shared hit=16110 read=25557
         ->  Partial Aggregate  (cost=26104084.12..26104084.13 rows=1 width=8) (actual rows=1 loops=3)
               Buffers: shared hit=16110 read=25557
               ->  Parallel Seq Scan on points_1m  (cost=0.00..26104083.60 rows=208 width=0) (actual rows=832935 loops=3)
                     Filter: st_dwithin(geom, '0101000020110F000000000000000000000000000000000000'::geometry, '39894'::double precision)
                     Rows Removed by Filter: 833732
                     Buffers: shared hit=16110 read=25557
 Planning Time: 0.166 ms
 Execution Time: 308.809 ms
(14 rows)

@ sel=60.00 mode=planner
RESET
RESET
RESET
                                                                      QUERY PLAN                                                                      
══════════════════════════════════════════════════════════════════════════════════════════════════════════════════════════════════════════════════════
 Finalize Aggregate  (cost=19973429.14..19973429.15 rows=1 width=8) (actual rows=1 loops=1)
   Buffers: shared hit=43 read=61287
   ->  Gather  (cost=19973428.93..19973429.14 rows=2 width=8) (actual rows=3 loops=1)
         Workers Planned: 2
         Workers Launched: 2
         Buffers: shared hit=43 read=61287
         ->  Partial Aggregate  (cost=19972428.93..19972428.94 rows=1 width=8) (actual rows=1 loops=3)
               Buffers: shared hit=43 read=61287
               ->  Parallel Bitmap Heap Scan on points_1m  (cost=105450.29..19972428.41 rows=208 width=0) (actual rows=999346 loops=3)
                     Filter: st_dwithin(geom, '0101000020110F000000000000000000000000000000000000'::geometry, '43702'::double precision)
                     Rows Removed by Filter: 273446
                     Heap Blocks: exact=14019
                     Buffers: shared hit=43 read=61287
                     ->  Bitmap Index Scan on points_1m_geom_gix  (cost=0.00..105450.17 rows=3803417 width=0) (actual rows=3818377 loops=1)
                           Index Cond: (geom && st_expand('0101000020110F000000000000000000000000000000000000'::geometry, '43702'::double precision))
                           Buffers: shared hit=35 read=19628
 Planning Time: 0.140 ms
 Execution Time: 533.079 ms
(18 rows)

@ sel=60.00 mode=forced_index
SET
SET
SET
                                                             QUERY PLAN                                                             
════════════════════════════════════════════════════════════════════════════════════════════════════════════════════════════════════
 Aggregate  (cost=47852866.09..47852866.10 rows=1 width=8) (actual rows=1 loops=1)
   Buffers: shared hit=1481732 read=2356212
   ->  Index Scan using points_1m_geom_gix on points_1m  (cost=0.54..47852864.84 rows=500 width=0) (actual rows=2998038 loops=1)
         Index Cond: (geom && st_expand('0101000020110F000000000000000000000000000000000000'::geometry, '43702'::double precision))
         Filter: st_dwithin(geom, '0101000020110F000000000000000000000000000000000000'::geometry, '43702'::double precision)
         Rows Removed by Filter: 820339
         Buffers: shared hit=1481732 read=2356212
 Planning Time: 0.150 ms
 Execution Time: 6741.742 ms
(9 rows)

@ sel=60.00 mode=forced_seq
SET
SET
SET
                                                               QUERY PLAN                                                                
═════════════════════════════════════════════════════════════════════════════════════════════════════════════════════════════════════════
 Finalize Aggregate  (cost=26105084.33..26105084.34 rows=1 width=8) (actual rows=1 loops=1)
   Buffers: shared hit=16105 read=25562
   ->  Gather  (cost=26105084.12..26105084.33 rows=2 width=8) (actual rows=3 loops=1)
         Workers Planned: 2
         Workers Launched: 2
         Buffers: shared hit=16105 read=25562
         ->  Partial Aggregate  (cost=26104084.12..26104084.13 rows=1 width=8) (actual rows=1 loops=3)
               Buffers: shared hit=16105 read=25562
               ->  Parallel Seq Scan on points_1m  (cost=0.00..26104083.60 rows=208 width=0) (actual rows=999346 loops=3)
                     Filter: st_dwithin(geom, '0101000020110F000000000000000000000000000000000000'::geometry, '43702'::double precision)
                     Rows Removed by Filter: 667321
                     Buffers: shared hit=16105 read=25562
 Planning Time: 0.158 ms
 Execution Time: 287.045 ms
(14 rows)

@ sel=70.00 mode=planner
RESET
RESET
RESET
                                                                      QUERY PLAN                                                                      
══════════════════════════════════════════════════════════════════════════════════════════════════════════════════════════════════════════════════════
 Finalize Aggregate  (cost=23338722.02..23338722.03 rows=1 width=8) (actual rows=1 loops=1)
   Buffers: shared hit=9 read=64671
   ->  Gather  (cost=23338721.81..23338722.02 rows=2 width=8) (actual rows=3 loops=1)
         Workers Planned: 2
         Workers Launched: 2
         Buffers: shared hit=9 read=64671
         ->  Partial Aggregate  (cost=23337721.81..23337721.82 rows=1 width=8) (actual rows=1 loops=3)
               Buffers: shared hit=9 read=64671
               ->  Parallel Bitmap Heap Scan on points_1m  (cost=123254.82..23337721.29 rows=208 width=0) (actual rows=1166217 loops=3)
                     Filter: st_dwithin(geom, '0101000020110F000000000000000000000000000000000000'::geometry, '47203'::double precision)
                     Rows Removed by Filter: 319019
                     Heap Blocks: exact=14025
                     Buffers: shared hit=9 read=64671
                     ->  Bitmap Index Scan on points_1m_geom_gix  (cost=0.00..123254.70 rows=4445621 width=0) (actual rows=4455707 loops=1)
                           Index Cond: (geom && st_expand('0101000020110F000000000000000000000000000000000000'::geometry, '47203'::double precision))
                           Buffers: shared hit=5 read=23008
 Planning Time: 0.164 ms
 Execution Time: 616.253 ms
(18 rows)

@ sel=70.00 mode=forced_index
SET
SET
SET
                                                             QUERY PLAN                                                             
════════════════════════════════════════════════════════════════════════════════════════════════════════════════════════════════════
 Aggregate  (cost=55904642.66..55904642.67 rows=1 width=8) (actual rows=1 loops=1)
   Buffers: shared hit=1729402 read=2749207
   ->  Index Scan using points_1m_geom_gix on points_1m  (cost=0.54..55904641.41 rows=500 width=0) (actual rows=3498651 loops=1)
         Index Cond: (geom && st_expand('0101000020110F000000000000000000000000000000000000'::geometry, '47203'::double precision))
         Filter: st_dwithin(geom, '0101000020110F000000000000000000000000000000000000'::geometry, '47203'::double precision)
         Rows Removed by Filter: 957056
         Buffers: shared hit=1729402 read=2749207
 Planning Time: 0.146 ms
 Execution Time: 7406.511 ms
(9 rows)

@ sel=70.00 mode=forced_seq
SET
SET
SET
                                                               QUERY PLAN                                                                
═════════════════════════════════════════════════════════════════════════════════════════════════════════════════════════════════════════
 Finalize Aggregate  (cost=26105084.33..26105084.34 rows=1 width=8) (actual rows=1 loops=1)
   Buffers: shared hit=16097 read=25570
   ->  Gather  (cost=26105084.12..26105084.33 rows=2 width=8) (actual rows=3 loops=1)
         Workers Planned: 2
         Workers Launched: 2
         Buffers: shared hit=16097 read=25570
         ->  Partial Aggregate  (cost=26104084.12..26104084.13 rows=1 width=8) (actual rows=1 loops=3)
               Buffers: shared hit=16097 read=25570
               ->  Parallel Seq Scan on points_1m  (cost=0.00..26104083.60 rows=208 width=0) (actual rows=1166217 loops=3)
                     Filter: st_dwithin(geom, '0101000020110F000000000000000000000000000000000000'::geometry, '47203'::double precision)
                     Rows Removed by Filter: 500450
                     Buffers: shared hit=16097 read=25570
 Planning Time: 0.302 ms
 Execution Time: 300.904 ms
(14 rows)

RESET
RESET
RESET
